Log file open, 01/27/18 13:03:40
LogWindows: Failed to load 'aqProf.dll' (GetLastError=126)
LogWindows: File 'aqProf.dll' does not exist
LogWindows: Failed to load 'VSPerf140.dll' (GetLastError=126)
LogWindows: File 'VSPerf140.dll' does not exist
LogWindows: Failed to load 'VtuneApi.dll' (GetLastError=126)
LogWindows: File 'VtuneApi.dll' does not exist
LogWindows: Failed to load 'VtuneApi32e.dll' (GetLastError=126)
LogWindows: File 'VtuneApi32e.dll' does not exist
LogInit: Display: Running engine for game: AVB
LogPlatformFile: Not using cached read wrapper
LogInit: Display: RandInit(921202925) SRandInit(921202925).
LogInit: Read version file with build ID '3709383'
LogInit: Overriding engine version to CL 3832480, compatible CL 3709383
LogInit: Registered custom module enumerator with build ID '3709383'
LogTaskGraph: Started task graph with 5 named threads and 8 total threads with 3 sets of task threads.
LogStats: Stats thread started at 0.140709
LogD3D11RHI: Aftermath initialized
LogModuleManager: Display: Found up-to-date module file ../../../Engine/Plugins/2D/Paper2D/Binaries/Win64/UE4Editor-Paper2D.dll (API version 3709383).
LogModuleManager: Display: Found up-to-date module file ../../../Engine/Plugins/2D/Paper2D/Binaries/Win64/UE4Editor-Paper2DEditor.dll (API version 3709383).
LogModuleManager: Display: Found up-to-date module file ../../../Engine/Plugins/2D/Paper2D/Binaries/Win64/UE4Editor-PaperSpriteSheetImporter.dll (API version 3709383).
LogModuleManager: Display: Found up-to-date module file ../../../Engine/Plugins/2D/Paper2D/Binaries/Win64/UE4Editor-PaperTiledImporter.dll (API version 3709383).
LogModuleManager: Display: Found up-to-date module file ../../../Engine/Plugins/2D/Paper2D/Binaries/Win64/UE4Editor-SmartSnapping.dll (API version 3709383).
LogModuleManager: Display: Found up-to-date module file ../../../Engine/Plugins/Blendables/LightPropagationVolume/Binaries/Win64/UE4Editor-LightPropagationVolumeRuntime.dll (API version 3709383).
LogModuleManager: Display: Found up-to-date module file ../../../Engine/Plugins/Blendables/LightPropagationVolume/Binaries/Win64/UE4Editor-LightPropagationVolumeEditor.dll (API version 3709383).
LogModuleManager: Display: Found up-to-date module file ../../../Engine/Plugins/Developer/GitSourceControl/Binaries/Win64/UE4Editor-GitSourceControl.dll (API version 3709383).
LogModuleManager: Display: Found up-to-date module file ../../../Engine/Plugins/Developer/PerforceSourceControl/Binaries/Win64/UE4Editor-PerforceSourceControl.dll (API version 3709383).
LogModuleManager: Display: Found up-to-date module file ../../../Engine/Plugins/Developer/SubversionSourceControl/Binaries/Win64/UE4Editor-SubversionSourceControl.dll (API version 3709383).
LogModuleManager: Display: Found up-to-date module file ../../../Engine/Plugins/Developer/UObjectPlugin/Binaries/Win64/UE4Editor-UObjectPlugin.dll (API version 3709383).
LogModuleManager: Display: Found up-to-date module file ../../../Engine/Plugins/Developer/VisualStudioCodeSourceCodeAccess/Binaries/Win64/UE4Editor-VisualStudioCodeSourceCodeAccess.dll (API version 3709383).
LogModuleManager: Display: Found up-to-date module file ../../../Engine/Plugins/Developer/VisualStudioSourceCodeAccess/Binaries/Win64/UE4Editor-VisualStudioSourceCodeAccess.dll (API version 3709383).
LogModuleManager: Display: Found up-to-date module file ../../../Engine/Plugins/Editor/AssetManagerEditor/Binaries/Win64/UE4Editor-AssetManagerEditor.dll (API version 3709383).
LogModuleManager: Display: Found up-to-date module file ../../../Engine/Plugins/Editor/AudioCapture/Binaries/Win64/UE4Editor-AudioCapture.dll (API version 3709383).
LogModuleManager: Display: Found up-to-date module file ../../../Engine/Plugins/Editor/FacialAnimation/Binaries/Win64/UE4Editor-FacialAnimation.dll (API version 3709383).
LogModuleManager: Display: Found up-to-date module file ../../../Engine/Plugins/Editor/FacialAnimation/Binaries/Win64/UE4Editor-FacialAnimationEditor.dll (API version 3709383).
LogModuleManager: Display: Found up-to-date module file ../../../Engine/Plugins/Editor/GameplayTagsEditor/Binaries/Win64/UE4Editor-GameplayTagsEditor.dll (API version 3709383).
LogModuleManager: Display: Found up-to-date module file ../../../Engine/Plugins/Editor/MobileLauncherProfileWizard/Binaries/Win64/UE4Editor-MobileLauncherProfileWizard.dll (API version 3709383).
LogModuleManager: Display: Found up-to-date module file ../../../Engine/Plugins/Editor/PluginBrowser/Binaries/Win64/UE4Editor-PluginBrowser.dll (API version 3709383).
LogModuleManager: Display: Found up-to-date module file ../../../Engine/Plugins/Editor/SpeedTreeImporter/Binaries/Win64/UE4Editor-SpeedTreeImporter.dll (API version 3709383).
LogModuleManager: Display: Found up-to-date module file ../../../Engine/Plugins/Experimental/AlembicImporter/Binaries/Win64/UE4Editor-AlembicImporter.dll (API version 3709383).
LogModuleManager: Display: Found up-to-date module file ../../../Engine/Plugins/Experimental/AlembicImporter/Binaries/Win64/UE4Editor-AlembicLibrary.dll (API version 3709383).
LogModuleManager: Display: Found up-to-date module file ../../../Engine/Plugins/Experimental/CharacterAI/Binaries/Win64/UE4Editor-CharacterAI.dll (API version 3709383).
LogModuleManager: Display: Found up-to-date module file ../../../Engine/Plugins/Experimental/HTML5Networking/Binaries/Win64/UE4Editor-HTML5Networking.dll (API version 3709383).
LogModuleManager: Display: Found up-to-date module file ../../../Engine/Plugins/Media/AndroidMedia/Binaries/Win64/UE4Editor-AndroidMediaEditor.dll (API version 3709383).
LogModuleManager: Display: Found up-to-date module file ../../../Engine/Plugins/Media/AndroidMedia/Binaries/Win64/UE4Editor-AndroidMediaFactory.dll (API version 3709383).
LogModuleManager: Display: Found up-to-date module file ../../../Engine/Plugins/Media/AvfMedia/Binaries/Win64/UE4Editor-AvfMediaEditor.dll (API version 3709383).
LogModuleManager: Display: Found up-to-date module file ../../../Engine/Plugins/Media/AvfMedia/Binaries/Win64/UE4Editor-AvfMediaFactory.dll (API version 3709383).
LogModuleManager: Display: Found up-to-date module file ../../../Engine/Plugins/Media/AvfMedia/Binaries/Win64/UE4Editor-AvfMediaFactory.dll (API version 3709383).
LogModuleManager: Display: Found up-to-date module file ../../../Engine/Plugins/Media/ImgMedia/Binaries/Win64/UE4Editor-ImgMedia.dll (API version 3709383).
LogModuleManager: Display: Found up-to-date module file ../../../Engine/Plugins/Media/ImgMedia/Binaries/Win64/UE4Editor-ImgMediaEditor.dll (API version 3709383).
LogModuleManager: Display: Found up-to-date module file ../../../Engine/Plugins/Media/ImgMedia/Binaries/Win64/UE4Editor-ImgMediaFactory.dll (API version 3709383).
LogModuleManager: Display: Found up-to-date module file ../../../Engine/Plugins/Media/ImgMedia/Binaries/Win64/UE4Editor-ImgMediaFactory.dll (API version 3709383).
LogModuleManager: Display: Found up-to-date module file ../../../Engine/Plugins/Media/ImgMedia/Binaries/Win64/UE4Editor-OpenExrWrapper.dll (API version 3709383).
LogModuleManager: Display: Found up-to-date module file ../../../Engine/Plugins/Media/MediaCompositing/Binaries/Win64/UE4Editor-MediaCompositing.dll (API version 3709383).
LogModuleManager: Display: Found up-to-date module file ../../../Engine/Plugins/Media/MediaCompositing/Binaries/Win64/UE4Editor-MediaCompositingEditor.dll (API version 3709383).
LogModuleManager: Display: Found up-to-date module file ../../../Engine/Plugins/Media/MediaPlayerEditor/Binaries/Win64/UE4Editor-MediaPlayerEditor.dll (API version 3709383).
LogModuleManager: Display: Found up-to-date module file ../../../Engine/Plugins/Media/WmfMedia/Binaries/Win64/UE4Editor-WmfMedia.dll (API version 3709383).
LogModuleManager: Display: Found up-to-date module file ../../../Engine/Plugins/Media/WmfMedia/Binaries/Win64/UE4Editor-WmfMediaEditor.dll (API version 3709383).
LogModuleManager: Display: Found up-to-date module file ../../../Engine/Plugins/Media/WmfMedia/Binaries/Win64/UE4Editor-WmfMediaFactory.dll (API version 3709383).
LogModuleManager: Display: Found up-to-date module file ../../../Engine/Plugins/Media/WmfMedia/Binaries/Win64/UE4Editor-WmfMediaFactory.dll (API version 3709383).
LogModuleManager: Display: Found up-to-date module file ../../../Engine/Plugins/Messaging/TcpMessaging/Binaries/Win64/UE4Editor-TcpMessaging.dll (API version 3709383).
LogModuleManager: Display: Found up-to-date module file ../../../Engine/Plugins/Messaging/UdpMessaging/Binaries/Win64/UE4Editor-UdpMessaging.dll (API version 3709383).
LogModuleManager: Display: Found up-to-date module file ../../../Engine/Plugins/MovieScene/ActorSequence/Binaries/Win64/UE4Editor-ActorSequence.dll (API version 3709383).
LogModuleManager: Display: Found up-to-date module file ../../../Engine/Plugins/MovieScene/LevelSequenceEditor/Binaries/Win64/UE4Editor-LevelSequenceEditor.dll (API version 3709383).
LogModuleManager: Display: Found up-to-date module file ../../../Engine/Plugins/MovieScene/MatineeToLevelSequence/Binaries/Win64/UE4Editor-MatineeToLevelSequence.dll (API version 3709383).
LogModuleManager: Display: Found up-to-date module file ../../../Engine/Plugins/Online/OnlineSubsystem/Binaries/Win64/UE4Editor-OnlineSubsystem.dll (API version 3709383).
LogModuleManager: Display: Found up-to-date module file ../../../Engine/Plugins/Runtime/AndroidPermission/Binaries/Win64/UE4Editor-AndroidPermission.dll (API version 3709383).
LogModuleManager: Display: Found up-to-date module file ../../../Engine/Plugins/Online/OnlineSubsystemNull/Binaries/Win64/UE4Editor-OnlineSubsystemNull.dll (API version 3709383).
LogModuleManager: Display: Found up-to-date module file ../../../Engine/Plugins/Online/OnlineSubsystemUtils/Binaries/Win64/UE4Editor-OnlineSubsystemUtils.dll (API version 3709383).
LogModuleManager: Display: Found up-to-date module file ../../../Engine/Plugins/Online/OnlineSubsystemUtils/Binaries/Win64/UE4Editor-OnlineBlueprintSupport.dll (API version 3709383).
LogModuleManager: Display: Found up-to-date module file ../../../Engine/Plugins/Runtime/AndroidDeviceProfileSelector/Binaries/Win64/UE4Editor-AndroidDeviceProfileSelector.dll (API version 3709383).
LogModuleManager: Display: Found up-to-date module file ../../../Engine/Plugins/Runtime/AppleARKit/Binaries/Win64/UE4Editor-AppleARKit.dll (API version 3709383).
LogModuleManager: Display: Found up-to-date module file ../../../Engine/Plugins/Runtime/ArchVisCharacter/Binaries/Win64/UE4Editor-ArchVisCharacter.dll (API version 3709383).
LogModuleManager: Display: Found up-to-date module file ../../../Engine/Plugins/Runtime/CableComponent/Binaries/Win64/UE4Editor-CableComponent.dll (API version 3709383).
LogModuleManager: Display: Found up-to-date module file ../../../Engine/Plugins/Runtime/CustomMeshComponent/Binaries/Win64/UE4Editor-CustomMeshComponent.dll (API version 3709383).
LogModuleManager: Display: Found up-to-date module file ../../../Engine/Plugins/Runtime/ExampleDeviceProfileSelector/Binaries/Win64/UE4Editor-ExampleDeviceProfileSelector.dll (API version 3709383).
LogModuleManager: Display: Found up-to-date module file ../../../Engine/Plugins/Runtime/ImmediatePhysics/Binaries/Win64/UE4Editor-ImmediatePhysics.dll (API version 3709383).
LogModuleManager: Display: Found up-to-date module file ../../../Engine/Plugins/Runtime/ImmediatePhysics/Binaries/Win64/UE4Editor-ImmediatePhysicsEditor.dll (API version 3709383).
LogModuleManager: Display: Found up-to-date module file ../../../Engine/Plugins/Runtime/LocationServicesBPLibrary/Binaries/Win64/UE4Editor-LocationServicesBPLibrary.dll (API version 3709383).
LogModuleManager: Display: Found up-to-date module file ../../../Engine/Plugins/Runtime/MobilePatchingUtils/Binaries/Win64/UE4Editor-MobilePatchingUtils.dll (API version 3709383).
LogModuleManager: Display: Found up-to-date module file ../../../Engine/Plugins/Runtime/Oculus/OculusVR/Binaries/Win64/UE4Editor-OculusHMD.dll (API version 3709383).
LogModuleManager: Display: Found up-to-date module file ../../../Engine/Plugins/Runtime/Oculus/OculusVR/Binaries/Win64/UE4Editor-OculusInput.dll (API version 3709383).
LogModuleManager: Display: Found up-to-date module file ../../../Engine/Plugins/Runtime/Oculus/OculusVR/Binaries/Win64/UE4Editor-OculusEditor.dll (API version 3709383).
LogModuleManager: Display: Found up-to-date module file ../../../Engine/Plugins/Runtime/PhysXVehicles/Binaries/Win64/UE4Editor-PhysXVehicles.dll (API version 3709383).
LogModuleManager: Display: Found up-to-date module file ../../../Engine/Plugins/Runtime/PhysXVehicles/Binaries/Win64/UE4Editor-PhysXVehiclesEditor.dll (API version 3709383).
LogModuleManager: Display: Found up-to-date module file ../../../Engine/Plugins/Runtime/ProceduralMeshComponent/Binaries/Win64/UE4Editor-ProceduralMeshComponent.dll (API version 3709383).
LogModuleManager: Display: Found up-to-date module file ../../../Engine/Plugins/Runtime/ProceduralMeshComponent/Binaries/Win64/UE4Editor-ProceduralMeshComponentEditor.dll (API version 3709383).
LogModuleManager: Display: Found up-to-date module file ../../../Engine/Plugins/Runtime/RuntimePhysXCooking/Binaries/Win64/UE4Editor-RuntimePhysXCooking.dll (API version 3709383).
LogModuleManager: Display: Found up-to-date module file ../../../Engine/Plugins/Runtime/Steam/SteamVR/Binaries/Win64/UE4Editor-SteamVR.dll (API version 3709383).
LogModuleManager: Display: Found up-to-date module file ../../../Engine/Plugins/Runtime/Steam/SteamVR/Binaries/Win64/UE4Editor-SteamVRController.dll (API version 3709383).
LogModuleManager: Display: Found up-to-date module file ../../../Engine/Plugins/Runtime/WindowsMoviePlayer/Binaries/Win64/UE4Editor-WindowsMoviePlayer.dll (API version 3709383).
LogPluginManager: Mounting plugin Paper2D
LogPluginManager: Mounting plugin LightPropagationVolume
LogPluginManager: Mounting plugin CodeLiteSourceCodeAccess
LogPluginManager: Mounting plugin GitSourceControl
LogPluginManager: Mounting plugin KDevelopSourceCodeAccess
LogPluginManager: Mounting plugin NullSourceCodeAccess
LogPluginManager: Mounting plugin PerforceSourceControl
LogPluginManager: Mounting plugin SubversionSourceControl
LogPluginManager: Mounting plugin UObjectPlugin
LogPluginManager: Mounting plugin VisualStudioCodeSourceCodeAccess
LogPluginManager: Mounting plugin VisualStudioSourceCodeAccess
LogPluginManager: Mounting plugin XCodeSourceCodeAccess
LogPluginManager: Mounting plugin AssetManagerEditor
LogPluginManager: Mounting plugin AudioCapture
LogPluginManager: Mounting plugin FacialAnimation
LogPluginManager: Mounting plugin GameplayTagsEditor
LogPluginManager: Mounting plugin MobileLauncherProfileWizard
LogPluginManager: Mounting plugin PluginBrowser
LogPluginManager: Mounting plugin SpeedTreeImporter
LogPluginManager: Mounting plugin AlembicImporter
LogPluginManager: Mounting plugin CharacterAI
LogPluginManager: Mounting plugin HTML5Networking
LogPluginManager: Mounting plugin AndroidMedia
LogPluginManager: Mounting plugin AvfMedia
LogPluginManager: Mounting plugin ImgMedia
LogPluginManager: Mounting plugin MediaCompositing
LogPluginManager: Mounting plugin MediaPlayerEditor
LogPluginManager: Mounting plugin WmfMedia
LogPluginManager: Mounting plugin TcpMessaging
LogPluginManager: Mounting plugin UdpMessaging
LogPluginManager: Mounting plugin ActorSequence
LogPluginManager: Mounting plugin LevelSequenceEditor
LogPluginManager: Mounting plugin MatineeToLevelSequence
LogPluginManager: Mounting plugin OnlineSubsystemGooglePlay
LogPluginManager: Mounting plugin OnlineSubsystemIOS
LogPluginManager: Mounting plugin OnlineSubsystem
LogPluginManager: Mounting plugin OnlineSubsystemNull
LogPluginManager: Mounting plugin OnlineSubsystemUtils
LogPluginManager: Mounting plugin AndroidDeviceProfileSelector
LogPluginManager: Mounting plugin AndroidMoviePlayer
LogPluginManager: Mounting plugin AndroidPermission
LogPluginManager: Mounting plugin AppleARKit
LogPluginManager: Mounting plugin AppleMoviePlayer
LogPluginManager: Mounting plugin ArchVisCharacter
LogPluginManager: Mounting plugin CableComponent
LogPluginManager: Mounting plugin CustomMeshComponent
LogPluginManager: Mounting plugin ExampleDeviceProfileSelector
LogPluginManager: Mounting plugin GoogleCloudMessaging
LogPluginManager: Mounting plugin ImmediatePhysics
LogPluginManager: Mounting plugin IOSDeviceProfileSelector
LogPluginManager: Mounting plugin LinuxDeviceProfileSelector
LogPluginManager: Mounting plugin LocationServicesBPLibrary
LogPluginManager: Mounting plugin MobilePatchingUtils
LogPluginManager: Mounting plugin OculusVR
LogPluginManager: Plugin shader directory ../../../Engine/Plugins/Runtime/Oculus/OculusVR/Shaders found
LogPluginManager: Mapping shader source directory ../../../Engine/Plugins/Runtime/Oculus/OculusVR/Shaders to virtual directory /Plugin/OculusVR
LogPluginManager: Mounting plugin PhysXVehicles
LogPluginManager: Mounting plugin ProceduralMeshComponent
LogPluginManager: Mounting plugin RuntimePhysXCooking
LogPluginManager: Mounting plugin SteamVR
LogPluginManager: Mounting plugin WindowsMoviePlayer
LogInit: Using libcurl 7.47.1
LogInit:  - built for x86_64-pc-win32
LogInit:  - supports SSL with OpenSSL/1.0.2g
LogInit:  - supports HTTP deflate (compression) using libz 1.2.8
LogInit:  - other features:
LogInit:      CURL_VERSION_SSL
LogInit:      CURL_VERSION_LIBZ
LogInit:      CURL_VERSION_IPV6
LogInit:      CURL_VERSION_ASYNCHDNS
LogInit:      CURL_VERSION_LARGEFILE
LogInit:      CURL_VERSION_IDN
LogInit:  CurlRequestOptions (configurable via config and command line):
LogInit:  - bVerifyPeer = false  - Libcurl will NOT verify peer certificate
LogInit:  - bUseHttpProxy = false  - Libcurl will NOT use HTTP proxy
LogInit:  - bDontReuseConnections = false  - Libcurl will reuse connections
LogInit:  - CertBundlePath = nullptr  - Libcurl will use whatever was configured at build time.
LogInit: Build: ++UE4+Release-4.18-CL-3832480
LogInit: Engine Version: 4.18.3-3832480+++UE4+Release-4.18
LogInit: Compatible Engine Version: 4.18.0-3709383+++UE4+Release-4.18
LogInit: Net CL: 3709383
LogDevObjectVersion: Number of dev versions registered: 16
LogDevObjectVersion:   Dev-Blueprints (B0D832E4-1F89-4F0D-ACCF-7EB736FD4AA2): 10
LogDevObjectVersion:   Dev-Build (E1C64328-A22C-4D53-A36C-8E866417BD8C): 0
LogDevObjectVersion:   Dev-Core (375EC13C-06E4-48FB-B500-84F0262A717E): 2
LogDevObjectVersion:   Dev-Editor (E4B068ED-F494-42E9-A231-DA0B2E46BB41): 20
LogDevObjectVersion:   Dev-Framework (CFFC743F-43B0-4480-9391-14DF171D2073): 30
LogDevObjectVersion:   Dev-Mobile (B02B49B5-BB20-44E9-A304-32B752E40360): 0
LogDevObjectVersion:   Dev-Networking (A4E4105C-59A1-49B5-A7C5-40C4547EDFEE): 0
LogDevObjectVersion:   Dev-Online (39C831C9-5AE6-47DC-9A44-9C173E1C8E7C): 0
LogDevObjectVersion:   Dev-Physics (78F01B33-EBEA-4F98-B9B4-84EACCB95AA2): 0
LogDevObjectVersion:   Dev-Platform (6631380F-2D4D-43E0-8009-CF276956A95A): 0
LogDevObjectVersion:   Dev-Rendering (12F88B9F-8875-4AFC-A67C-D90C383ABD29): 20
LogDevObjectVersion:   Dev-Sequencer (7B5AE74C-D270-4C10-A958-57980B212A5A): 4
LogDevObjectVersion:   Dev-VR (D7296918-1DD6-4BDD-9DE2-64A83CC13884): 0
LogDevObjectVersion:   Dev-LoadTimes (C2A15278-BFE7-4AFE-6C17-90FF531DF755): 1
LogDevObjectVersion:   Private-Geometry (6EACA3D4-40EC-4CC1-B786-8BED09428FC5): 1
LogDevObjectVersion:   Dev-AnimPhys (29E575DD-E0A3-4627-9D10-D276232CDCEA): 12
LogInit: Compiled (64-bit): Jan 12 2018 02:04:55
LogInit: Compiled with Visual C++: 19.00.24215.01
LogInit: Build Configuration: Development
LogInit: Branch Name: ++UE4+Release-4.18
LogInit: Command line:  
LogInit: Base directory: C:/Program Files/Epic Games/UE_4.18/Engine/Binaries/Win64/
LogInit: Installed Engine Build: 1
LogInit: Presizing for max 8388607 objects, including 0 objects not considered by GC, pre-allocating 0 bytes for permanent pool.
LogInit: Object subsystem initialized
[2018.01.27-05.03.43:098][  0]LogInit: Selected Device Profile: [Windows]
[2018.01.27-05.03.43:098][  0]LogInit: Applying CVar settings loaded from the selected device profile: [Windows]
[2018.01.27-05.03.43:113][  0]LogInit: Computer: LENOVO
[2018.01.27-05.03.43:113][  0]LogInit: User: xIaoYaNg
[2018.01.27-05.03.43:113][  0]LogInit: CPU Page size=4096, Cores=2
[2018.01.27-05.03.43:113][  0]LogInit: High frequency timer resolution =2.338341 MHz
[2018.01.27-05.03.43:113][  0]LogMemory: Memory total: Physical=11.9GB (12GB approx)
[2018.01.27-05.03.43:114][  0]LogMemory: Platform Memory Stats for Windows
[2018.01.27-05.03.43:114][  0]LogMemory: Process Physical Memory: 272.66 MB used, 272.66 MB peak
[2018.01.27-05.03.43:114][  0]LogMemory: Process Virtual Memory: 271.43 MB used, 271.43 MB peak
[2018.01.27-05.03.43:114][  0]LogMemory: Physical Memory: 4639.03 MB used,  7541.25 MB free, 12180.27 MB total
[2018.01.27-05.03.43:114][  0]LogMemory: Virtual Memory: 661.13 MB used,  7541.25 MB free, 134217728.00 MB total
[2018.01.27-05.03.43:426][  0]LogInit: Using OS detected language (en-US).
[2018.01.27-05.03.43:426][  0]LogInit: Using OS detected locale (en-MY).
[2018.01.27-05.03.43:431][  0]LogTextLocalizationManager: No specific localization for 'en-US' exists, so the 'en' localization will be used.
[2018.01.27-05.03.44:420][  0]LogD3D11RHI: D3D11 adapters:
[2018.01.27-05.03.44:463][  0]LogD3D11RHI:    0. 'NVIDIA GeForce 840M' (Feature Level 11_0)
[2018.01.27-05.03.44:463][  0]LogD3D11RHI:       4065/0/6090 MB DedicatedVideo/DedicatedSystem/SharedSystem, Outputs:1, VendorId:0x10de
[2018.01.27-05.03.44:470][  0]LogD3D11RHI:    1. 'Intel(R) HD Graphics Family' (Feature Level 11_0)
[2018.01.27-05.03.44:470][  0]LogD3D11RHI:       112/0/2048 MB DedicatedVideo/DedicatedSystem/SharedSystem, Outputs:0, VendorId:0x8086
[2018.01.27-05.03.44:473][  0]LogD3D11RHI:    2. 'Microsoft Basic Render Driver' (Feature Level 11_0)
[2018.01.27-05.03.44:473][  0]LogD3D11RHI:       0/0/6090 MB DedicatedVideo/DedicatedSystem/SharedSystem, Outputs:0, VendorId:0x1414
[2018.01.27-05.03.44:473][  0]LogD3D11RHI: Chosen D3D11 Adapter: 0
[2018.01.27-05.03.44:480][  0]LogD3D11RHI: Creating new Direct3DDevice
[2018.01.27-05.03.44:480][  0]LogD3D11RHI:     GPU DeviceId: 0x1341 (for the marketing name, search the web for "GPU Device Id")
[2018.01.27-05.03.44:480][  0]LogWindows: EnumDisplayDevices:
[2018.01.27-05.03.44:481][  0]LogWindows:    0. 'Intel(R) HD Graphics Family' (P:1 D:1)
[2018.01.27-05.03.44:481][  0]LogWindows:    1. 'Intel(R) HD Graphics Family' (P:0 D:0)
[2018.01.27-05.03.44:481][  0]LogWindows:    2. 'Intel(R) HD Graphics Family' (P:0 D:0)
[2018.01.27-05.03.44:481][  0]LogWindows: DebugString: GetVideoDriverDetailsInvalid PrimaryIsNotTheChoosenAdapter GetVideoDriverDetailsInvalid PrimaryIsNotTheChoosenAdapter GetVideoDriverDetailsInvalid PrimaryIsNotTheChoosenAdapter FoundDriverCount:0 
[2018.01.27-05.03.44:481][  0]LogD3D11RHI:     Adapter Name: NVIDIA GeForce 840M
[2018.01.27-05.03.44:481][  0]LogD3D11RHI:   Driver Version: Unknown (internal:Unknown, unified:Unknown)
[2018.01.27-05.03.44:481][  0]LogD3D11RHI:      Driver Date: Unknown
[2018.01.27-05.03.44:481][  0]LogRHI: Texture pool is 2846 MB (70% of 4065 MB)
[2018.01.27-05.03.44:502][  0]LogD3D11RHI: Async texture creation enabled
[2018.01.27-05.03.44:517][  0]LogD3D11RHI: GPU Timing Frequency: 1000.000000 (Debug: 2 1)
[2018.01.27-05.03.44:518][  0]LogShaderCompilers: Guid format shader working directory is 5 characters bigger than the processId version (../../../../../../Users/user/Desktop/AVB/Intermediate/Shaders/WorkingDirectory/7884/).
[2018.01.27-05.03.44:518][  0]LogShaderCompilers: Cleaned the shader compiler working directory 'C:/Users/user/AppData/Local/Temp/UnrealShaderWorkingDir/7502E05D47BAAFDF49EEA48A8A57EAF0/'.
[2018.01.27-05.03.44:518][  0]LogShaderCompilers: Display: Using Local Shader Compiler.
[2018.01.27-05.03.47:091][  0]LogTemp: Display: Loaded TP AllDesktopTargetPlatform
[2018.01.27-05.03.47:184][  0]LogTemp: Display: Loaded TP MacClientTargetPlatform
[2018.01.27-05.03.47:285][  0]LogTemp: Display: Loaded TP MacNoEditorTargetPlatform
[2018.01.27-05.03.47:381][  0]LogTemp: Display: Loaded TP MacServerTargetPlatform
[2018.01.27-05.03.47:470][  0]LogTemp: Display: Loaded TP MacTargetPlatform
[2018.01.27-05.03.47:575][  0]LogTemp: Display: Loaded TP WindowsClientTargetPlatform
[2018.01.27-05.03.47:670][  0]LogTemp: Display: Loaded TP WindowsNoEditorTargetPlatform
[2018.01.27-05.03.47:769][  0]LogTemp: Display: Loaded TP WindowsServerTargetPlatform
[2018.01.27-05.03.47:853][  0]LogTemp: Display: Loaded TP WindowsTargetPlatform
[2018.01.27-05.03.47:950][  0]LogTemp: Display: Loaded TP Android_ASTCTargetPlatform
[2018.01.27-05.03.48:038][  0]LogTemp: Display: Loaded TP Android_ATCTargetPlatform
[2018.01.27-05.03.48:130][  0]LogTemp: Display: Loaded TP Android_DXTTargetPlatform
[2018.01.27-05.03.48:218][  0]LogTemp: Display: Loaded TP Android_ETC1TargetPlatform
[2018.01.27-05.03.48:307][  0]LogTemp: Display: Loaded TP Android_ETC2TargetPlatform
[2018.01.27-05.03.48:484][  0]LogTemp: Display: Loaded TP Android_MultiTargetPlatform
[2018.01.27-05.03.48:485][  0]LogTemp: Display: Loaded TP Android_PVRTCTargetPlatform
[2018.01.27-05.03.48:585][  0]LogTemp: Display: Loaded TP AndroidTargetPlatform
[2018.01.27-05.03.48:673][  0]LogTemp: Display: Loaded TP HTML5TargetPlatform
[2018.01.27-05.03.48:831][  0]LogTemp: Display: Loaded TP IOSTargetPlatform
[2018.01.27-05.03.48:874][  0]LogTemp: Display: Loaded TP TVOSTargetPlatform
[2018.01.27-05.03.48:969][  0]LogTemp: Display: Loaded TP LinuxClientTargetPlatform
[2018.01.27-05.03.49:061][  0]LogTemp: Display: Loaded TP LinuxNoEditorTargetPlatform
[2018.01.27-05.03.49:150][  0]LogTemp: Display: Loaded TP LinuxServerTargetPlatform
[2018.01.27-05.03.49:235][  0]LogTemp: Display: Loaded TP LinuxTargetPlatform
[2018.01.27-05.03.49:235][  0]LogTargetPlatformManager: Display: Building Assets For Windows
[2018.01.27-05.03.50:050][  0]LogDerivedDataCache: Display: Max Cache Size: 512 MB
[2018.01.27-05.03.50:147][  0]LogDerivedDataCache: Loaded boot cache 0.10s 80MB C:/Users/user/AppData/Local/UnrealEngine/4.18/DerivedDataCache/Boot.ddc.
[2018.01.27-05.03.50:147][  0]LogDerivedDataCache: Display: Loaded Boot cache: C:/Users/user/AppData/Local/UnrealEngine/4.18/DerivedDataCache/Boot.ddc
[2018.01.27-05.03.50:147][  0]LogDerivedDataCache: FDerivedDataBackendGraph:  Pak pak cache file ../../../../../../Users/user/Desktop/AVB/DerivedDataCache/DDC.ddp not found, will not use a pak cache.
[2018.01.27-05.03.50:147][  0]LogDerivedDataCache: Unable to find inner node Pak for hierarchical cache Hierarchy.
[2018.01.27-05.03.50:147][  0]LogDerivedDataCache: FDerivedDataBackendGraph:  CompressedPak pak cache file ../../../../../../Users/user/Desktop/AVB/DerivedDataCache/Compressed.ddp not found, will not use a pak cache.
[2018.01.27-05.03.50:147][  0]LogDerivedDataCache: Unable to find inner node CompressedPak for hierarchical cache Hierarchy.
[2018.01.27-05.03.50:169][  0]LogDerivedDataCache: Display: Pak cache opened for reading ../../../Engine/DerivedDataCache/Compressed.ddp.
[2018.01.27-05.03.50:183][  0]LogDerivedDataCache: Using Local data cache path C:/Users/user/AppData/Local/UnrealEngine/Common/DerivedDataCache: Writable
[2018.01.27-05.03.50:197][  0]LogMaterial: Verifying Global Shaders for PCD3D_SM5
[2018.01.27-05.03.50:197][  0]LogSlate: Using Freetype 2.6.0
[2018.01.27-05.03.50:199][  0]LogSlate: SlateFontCache - WITH_FREETYPE: 1, WITH_HARFBUZZ: 1
[2018.01.27-05.03.50:199][  0]LogSlate: SlateFontCache - WITH_FREETYPE: 1, WITH_HARFBUZZ: 1
[2018.01.27-05.03.50:770][  0]LogInit: Selected Device Profile: [Windows]
[2018.01.27-05.03.51:344][  0]LogSimplygon: Simplygon DLL not present - disabling.
[2018.01.27-05.03.51:421][  0]LogMeshReduction: Using SimplygonSwarm for distributed automatic mesh merging
[2018.01.27-05.03.51:421][  0]LogMeshReduction: Using QuadricMeshReduction for automatic static mesh reduction
[2018.01.27-05.03.51:421][  0]LogMeshReduction: No automatic skeletal mesh reduction module available
[2018.01.27-05.03.51:421][  0]LogMeshReduction: No automatic mesh merging module available
[2018.01.27-05.03.51:421][  0]LogMeshMerging: No automatic mesh merging module available
[2018.01.27-05.03.51:471][  0]LogNetVersion: AVB , NetCL: 3709383, EngineNetVer: 2, GameNetVer: 0 (Checksum: 4185562491)
[2018.01.27-05.03.51:764][  0]LogAssetRegistry: FAssetRegistry took 0.0286 seconds to start up
[2018.01.27-05.03.52:640][  0]LogPackageLocalizationCache: Processed 7 localized package path(s) for 2 prioritized culture(s) in 0.124786 seconds
[2018.01.27-05.03.52:648][  0]LogUObjectArray: 35870 objects as part of root set at end of initial load.
[2018.01.27-05.03.52:648][  0]LogUObjectAllocator: 7363696 out of 0 bytes used by permanent object pool.
[2018.01.27-05.03.52:648][  0]LogUObjectArray: CloseDisregardForGC: 0/0 objects in disregard for GC pool
[2018.01.27-05.03.52:762][  0]LogInit: WinSock: version 1.1 (2.2), MaxSocks=32767, MaxUdp=65467
[2018.01.27-05.03.57:755][  0]LogTcpMessaging: Initializing TcpMessaging bridge
[2018.01.27-05.03.57:826][  0]LogUdpMessaging: Initializing bridge on interface 0.0.0.0:0 to multicast group 230.0.0.1:6666.
[2018.01.27-05.03.59:100][  0]LogMaterial: Uniform references updated for custom material expression Custom.
[2018.01.27-05.03.59:895][  0]SourceControl: Source control is disabled
[2018.01.27-05.03.59:895][  0]SourceControl: Source control is disabled
[2018.01.27-05.04.00:032][  0]SourceControl: Source control is disabled
[2018.01.27-05.04.00:137][  0]SourceControl: Source control is disabled
[2018.01.27-05.04.01:757][  0]LogAndroidPermission: UAndroidPermissionCallbackProxy::GetInstance
[2018.01.27-05.04.02:296][  0]LogOcInput: OculusInput pre-init called
[2018.01.27-05.04.02:839][  0]LogEngine: Initializing Engine...
[2018.01.27-05.04.02:842][  0]LogHMD: Failed to initialize OpenVR with code 100
[2018.01.27-05.04.03:163][  0]LogStats: UGameplayTagsManager::ConstructGameplayTagTree: Construct from data asset -  0.000 s
[2018.01.27-05.04.03:163][  0]LogStats: UGameplayTagsManager::ConstructGameplayTagTree: GameplayTagTreeChangedEvent.Broadcast -  0.000 s
[2018.01.27-05.04.03:407][  0]LogAIModule: Creating AISystem for world Untitled
[2018.01.27-05.04.03:414][  0]LogInit: XAudio2 using 'Speakers (Conexant SmartAudio HD)' : 2 channels at 44.1 kHz using 32 bits per sample (channel mask 0x3)
[2018.01.27-05.04.03:490][  0]LogInit: FAudioDevice initialized.
[2018.01.27-05.04.03:772][  0]LogDerivedDataCache: Saved boot cache 0.28s 80MB C:/Users/user/AppData/Local/UnrealEngine/4.18/DerivedDataCache/Boot.ddc.
[2018.01.27-05.04.03:792][  0]LogInit: Texture streaming: Enabled
[2018.01.27-05.04.03:975][  0]LogEngineSessionManager: EngineSessionManager initialized
[2018.01.27-05.04.04:254][  0]LogInit: Transaction tracking system initialized
[2018.01.27-05.04.04:870][  0]BlueprintLog: New page: Editor Load
[2018.01.27-05.04.06:583][  0]LocalizationService: Localization service is disabled
[2018.01.27-05.04.08:139][  0]LogConsoleResponse: Display: 
[2018.01.27-05.04.08:459][  0]LogCook: Display: Max memory allowance for cook 16384mb min free memory 0mb
[2018.01.27-05.04.08:459][  0]LogCook: Display: Mobile HDR setting 1
[2018.01.27-05.04.08:459][  0]LogGameplayTags: Display: UGameplayTagsManager::DoneAddingNativeTags. DelegateIsBound: 0
[2018.01.27-05.04.09:030][  0]LogFileCache: Scanning file cache for directory 'C:/Users/user/Desktop/AVB/Content/' took 0.01s
[2018.01.27-05.04.10:814][  0]SourceControl: Source control is disabled
[2018.01.27-05.04.10:814][  0]Cmd: MAP LOAD FILE="../../../../../../Users/user/Desktop/AVB/Content/TopDownBP/Maps/TopDownExampleMap.umap" TEMPLATE=0 SHOWPROGRESS=1 FEATURELEVEL=3
[2018.01.27-05.04.10:835][  0]LightingResults: New page: Lighting Build
[2018.01.27-05.04.10:916][  0]MapCheck: New page: Map Check
[2018.01.27-05.04.10:916][  0]LightingResults: New page: Lighting Build
[2018.01.27-05.04.11:986][  0]LogAIModule: Creating AISystem for world TopDownExampleMap
[2018.01.27-05.04.12:001][  0]LogEditorServer: Finished looking for orphan Actors (0.000 secs)
[2018.01.27-05.04.12:020][  0]Cmd: MAP CHECKDEP NOCLEARLOG
[2018.01.27-05.04.12:155][  0]MapCheck: Map check complete: 0 Error(s), 0 Warning(s), took 134.075ms to complete.
[2018.01.27-05.04.12:155][  0]LogFileHelpers: Loading map 'TopDownExampleMap' took 1.341
[2018.01.27-05.04.12:226][  0]LogWindowsTextInputMethodSystem: Display: IME system now deactivated.
[2018.01.27-05.04.12:368][  0]LogCollectionManager: Loaded 0 collections in 0.003139 seconds
[2018.01.27-05.04.12:507][  0]LogFileCache: Scanning file cache for directory 'C:/Users/user/Desktop/AVB/Saved/Collections/' took 0.01s
[2018.01.27-05.04.12:508][  0]LogFileCache: Scanning file cache for directory 'C:/Users/user/Desktop/AVB/Content/Developers/xIaoYaNg/Collections/' took 0.01s
[2018.01.27-05.04.12:508][  0]LogFileCache: Scanning file cache for directory 'C:/Users/user/Desktop/AVB/Content/Collections/' took 0.01s
[2018.01.27-05.04.12:508][  0]LogCollectionManager: Rebuilt the GUID cache for 0 collections in 0.000000 seconds
[2018.01.27-05.04.12:521][  0]LogContentBrowser: Native class hierarchy populated in 0.0130 seconds. Added 2363 classes and 519 folders.
[2018.01.27-05.04.12:659][  0]LogContentBrowser: Native class hierarchy updated for 'WidgetCarousel' in 0.0004 seconds. Added 0 classes and 0 folders.
[2018.01.27-05.04.12:738][  0]LogContentBrowser: Native class hierarchy updated for 'AddContentDialog' in 0.0003 seconds. Added 0 classes and 0 folders.
[2018.01.27-05.04.12:816][  0]LogContentBrowser: Native class hierarchy updated for 'SceneOutliner' in 0.0003 seconds. Added 1 classes and 2 folders.
[2018.01.27-05.04.12:927][  0]LogSlate: Took 0.000478 seconds to synchronously load lazily loaded font '../../../Engine/Content/Slate/Fonts/Roboto-Regular.ttf' (155K)
[2018.01.27-05.04.12:935][  0]LogSlate: Took 0.000804 seconds to synchronously load lazily loaded font '../../../Engine/Content/Slate/Fonts/Roboto-Bold.ttf' (160K)
[2018.01.27-05.04.12:944][  0]LogSlate: Took 0.000366 seconds to synchronously load lazily loaded font '../../../Engine/Content/Editor/Slate/Fonts/FontAwesome.ttf' (139K)
[2018.01.27-05.04.13:090][  0]LogRenderer: Reallocating scene render targets to support 904x440 Format 9 NumSamples 1 (Frame:1).
[2018.01.27-05.04.13:374][  0]LogContentBrowser: Native class hierarchy updated for 'HierarchicalLODOutliner' in 0.0004 seconds. Added 1 classes and 2 folders.
[2018.01.27-05.04.13:374][  0]LogLoad: (Engine Initialization) Total time: 34.78 seconds
[2018.01.27-05.04.13:374][  0]LogLoad: (Engine Initialization) Total Blueprint compile time: 0.00 seconds
[2018.01.27-05.04.13:374][  0]LogExternalProfiler: No external profilers were discovered.  External profiling features will not be available.
[2018.01.27-05.04.13:413][  0]LogContentStreaming: Texture pool size now 800 MB
[2018.01.27-05.04.13:462][  0]LogRenderer: Reallocating scene render targets to support 904x452 Format 9 NumSamples 1 (Frame:2).
[2018.01.27-05.04.13:510][  0]LogSlate: Took 0.000363 seconds to synchronously load lazily loaded font '../../../Engine/Content/Slate/Fonts/Roboto-Light.ttf' (159K)
[2018.01.27-05.04.13:936][  2]LogAssetRegistry: Asset discovery search completed in 22.1946 seconds
[2018.01.27-05.04.13:940][  2]LogCollectionManager: Rebuilt the object cache for 0 collections in 0.000000 seconds (found 0 objects)
[2018.01.27-05.04.13:940][  2]LogCollectionManager: Fixed up redirectors for 0 collections in 0.000112 seconds (updated 0 objects)
[2018.01.27-05.04.36:454][304]LogSlate: Took 0.001283 seconds to synchronously load lazily loaded font '../../../Engine/Content/Slate/Fonts/Roboto-Light.ttf' (159K)
[2018.01.27-05.04.36:966][304]LogContentBrowser: Native class hierarchy updated for 'BlueprintGraph' in 0.0008 seconds. Added 116 classes and 0 folders.
[2018.01.27-05.04.37:939][304]LogSlate: Took 0.000237 seconds to synchronously load lazily loaded font '../../../Engine/Content/Slate/Fonts/Roboto-Regular.ttf' (155K)
[2018.01.27-05.04.38:113][304]LogSlate: Took 0.000357 seconds to synchronously load lazily loaded font '../../../Engine/Content/Editor/Slate/Fonts/Roboto-BoldCondensed.ttf' (158K)
[2018.01.27-05.04.41:071][331]LogSlate: Took 0.000437 seconds to synchronously load lazily loaded font '../../../Engine/Content/Editor/Slate/Fonts/Roboto-Italic.ttf' (157K)
[2018.01.27-05.05.24:027][769]LogD3D11RHI: Timed out while waiting for GPU to catch up. (0.5 s)
[2018.01.27-05.05.24:677][770]LogD3D11RHI: Timed out while waiting for GPU to catch up. (0.5 s)
[2018.01.27-05.05.25:186][771]LogD3D11RHI: Timed out while waiting for GPU to catch up. (0.5 s)
[2018.01.27-05.05.25:738][772]LogD3D11RHI: Timed out while waiting for GPU to catch up. (0.5 s)
[2018.01.27-05.05.26:259][800]BlueprintLog: New page: Compile TopDownCharacter
[2018.01.27-05.07.35:419][123]BlueprintLog: New page: Compile TopDownCharacter
[2018.01.27-05.07.36:295][123]Cmd: OBJ SAVEPACKAGE PACKAGE="/Game/TopDownBP/Blueprints/TopDownCharacter" FILE="../../../../../../Users/user/Desktop/AVB/Content/TopDownBP/Blueprints/TopDownCharacter.uasset" SILENT=true
[2018.01.27-05.07.36:418][123]LogSavePackage: Save=111.21ms
[2018.01.27-05.07.36:418][123]LogSavePackage: Moving '../../../../../../Users/user/Desktop/AVB/Saved/TopDownCharacterC951FF6C4EED9B79DD5199AEF1A08864.tmp' to '../../../../../../Users/user/Desktop/AVB/Content/TopDownBP/Blueprints/TopDownCharacter.uasset'
[2018.01.27-05.07.36:428][123]LogSavePackage: Display: Finished SavePackage ../../../../../../Users/user/Desktop/AVB/Content/TopDownBP/Blueprints/TopDownCharacter.uasset
[2018.01.27-05.07.36:930][145]Cmd: OBJ SAVEPACKAGE PACKAGE="/Game/TopDownBP/Blueprints/TopDownCharacter" FILE="../../../../../../Users/user/Desktop/AVB/Content/TopDownBP/Blueprints/TopDownCharacter.uasset" SILENT=true
[2018.01.27-05.07.36:986][145]LogSavePackage: Save=47.17ms
[2018.01.27-05.07.36:986][145]LogSavePackage: Moving '../../../../../../Users/user/Desktop/AVB/Saved/TopDownCharacterCA8DB8354175642029C8299A881D4C94.tmp' to '../../../../../../Users/user/Desktop/AVB/Content/TopDownBP/Blueprints/TopDownCharacter.uasset'
[2018.01.27-05.07.36:991][145]LogSavePackage: Display: Finished SavePackage ../../../../../../Users/user/Desktop/AVB/Content/TopDownBP/Blueprints/TopDownCharacter.uasset
[2018.01.27-05.07.38:002][191]LogTemp: Repeating last play command: Selected Viewport
[2018.01.27-05.07.38:113][191]LogBlueprintUserMessages: Early PlayInEditor Detection: Level '/Game/TopDownBP/Maps/TopDownExampleMap.TopDownExampleMap:PersistentLevel' has LevelScriptBlueprint '/Game/TopDownBP/Maps/TopDownExampleMap.TopDownExampleMap:PersistentLevel.TopDownExampleMap' with GeneratedClass '/Game/TopDownBP/Maps/TopDownExampleMap.TopDownExampleMap_C' with ClassGeneratedBy '/Game/TopDownBP/Maps/TopDownExampleMap.TopDownExampleMap:PersistentLevel.TopDownExampleMap'
[2018.01.27-05.07.38:113][191]LogPlayLevel: PlayLevel: No blueprints needed recompiling
[2018.01.27-05.07.38:114][191]PIE: New page: PIE session: TopDownExampleMap (Jan 27, 2018, 9:07:38 PM)
[2018.01.27-05.07.38:114][191]LogPlayLevel: Creating play world package: /Game/TopDownBP/Maps/UEDPIE_0_TopDownExampleMap
[2018.01.27-05.07.38:149][191]LogPlayLevel: PIE: StaticDuplicateObject took: (0.035220s)
[2018.01.27-05.07.38:150][191]LogAIModule: Creating AISystem for world TopDownExampleMap
[2018.01.27-05.07.38:151][191]LogPlayLevel: PIE: World Init took: (0.001431s)
[2018.01.27-05.07.38:151][191]LogPlayLevel: PIE: Created PIE world by copying editor world from /Game/TopDownBP/Maps/TopDownExampleMap.TopDownExampleMap to /Game/TopDownBP/Maps/UEDPIE_0_TopDownExampleMap.TopDownExampleMap (0.037115s)
[2018.01.27-05.07.38:191][191]LogInit: XAudio2 using 'Speakers (Conexant SmartAudio HD)' : 2 channels at 44.1 kHz using 32 bits per sample (channel mask 0x3)
[2018.01.27-05.07.38:217][191]LogInit: FAudioDevice initialized.
[2018.01.27-05.07.38:266][191]LogLoad: Game class is 'TopDownGameMode_C'
[2018.01.27-05.07.38:272][191]LogWorld: Bringing World /Game/TopDownBP/Maps/UEDPIE_0_TopDownExampleMap.TopDownExampleMap up for play (max tick rate 60) at 2018.01.27-13.07.38
[2018.01.27-05.07.38:272][191]LogWorld: Bringing up level for play took: 0.003815
[2018.01.27-05.07.38:384][191]LogContentBrowser: Native class hierarchy updated for 'MovieSceneCapture' in 0.0004 seconds. Added 11 classes and 0 folders.
[2018.01.27-05.07.38:385][191]PIE: Play in editor start time for /Game/TopDownBP/Maps/UEDPIE_0_TopDownExampleMap 0.473
[2018.01.27-05.07.38:385][191]LogBlueprintUserMessages: Late PlayInEditor Detection: Level '/Game/TopDownBP/Maps/TopDownExampleMap.TopDownExampleMap:PersistentLevel' has LevelScriptBlueprint '/Game/TopDownBP/Maps/TopDownExampleMap.TopDownExampleMap:PersistentLevel.TopDownExampleMap' with GeneratedClass '/Game/TopDownBP/Maps/TopDownExampleMap.TopDownExampleMap_C' with ClassGeneratedBy '/Game/TopDownBP/Maps/TopDownExampleMap.TopDownExampleMap:PersistentLevel.TopDownExampleMap'
[2018.01.27-05.07.50:819][845]LogBlueprintUserMessages: Early EndPlayMap Detection: Level '/Game/TopDownBP/Maps/TopDownExampleMap.TopDownExampleMap:PersistentLevel' has LevelScriptBlueprint '/Game/TopDownBP/Maps/TopDownExampleMap.TopDownExampleMap:PersistentLevel.TopDownExampleMap' with GeneratedClass '/Game/TopDownBP/Maps/TopDownExampleMap.TopDownExampleMap_C' with ClassGeneratedBy '/Game/TopDownBP/Maps/TopDownExampleMap.TopDownExampleMap:PersistentLevel.TopDownExampleMap'
[2018.01.27-05.07.50:869][845]LogBlueprintUserMessages: Late EndPlayMap Detection: Level '/Game/TopDownBP/Maps/TopDownExampleMap.TopDownExampleMap:PersistentLevel' has LevelScriptBlueprint '/Game/TopDownBP/Maps/TopDownExampleMap.TopDownExampleMap:PersistentLevel.TopDownExampleMap' with GeneratedClass '/Game/TopDownBP/Maps/TopDownExampleMap.TopDownExampleMap_C' with ClassGeneratedBy '/Game/TopDownBP/Maps/TopDownExampleMap.TopDownExampleMap:PersistentLevel.TopDownExampleMap'
[2018.01.27-05.08.15:472][955]LogRenderer: Reallocating scene render targets to support 912x540 Format 9 NumSamples 1 (Frame:1).
[2018.01.27-05.09.06:301][739]BlueprintLog: New page: Compile FollowCam
[2018.01.27-05.09.08:485][810]Cmd: OBJ SAVEPACKAGE PACKAGE="/Game/FollowCam" FILE="../../../../../../Users/user/Desktop/AVB/Content/FollowCam.uasset" SILENT=true
[2018.01.27-05.09.08:515][810]LogSavePackage: Save=24.20ms
[2018.01.27-05.09.08:515][810]LogSavePackage: Moving '../../../../../../Users/user/Desktop/AVB/Saved/FollowCam9CC342D94A8167D5684138B69B21150A.tmp' to '../../../../../../Users/user/Desktop/AVB/Content/FollowCam.uasset'
[2018.01.27-05.09.08:528][810]LogSavePackage: Display: Finished SavePackage ../../../../../../Users/user/Desktop/AVB/Content/FollowCam.uasset
[2018.01.27-05.09.32:013][960]BlueprintLog: New page: Compile FollowCam
[2018.01.27-05.09.46:931][681]BlueprintLog: New page: Compile FollowCam
[2018.01.27-05.09.48:399][696]Cmd: OBJ SAVEPACKAGE PACKAGE="/Game/FollowCam" FILE="../../../../../../Users/user/Desktop/AVB/Content/FollowCam.uasset" SILENT=true
[2018.01.27-05.09.48:477][696]LogSavePackage: Save=61.29ms
[2018.01.27-05.09.48:477][696]LogSavePackage: Moving '../../../../../../Users/user/Desktop/AVB/Saved/FollowCam4E0A119248616EC76EBEBBBE14CF0196.tmp' to '../../../../../../Users/user/Desktop/AVB/Content/FollowCam.uasset'
[2018.01.27-05.09.48:488][696]LogSavePackage: Display: Finished SavePackage ../../../../../../Users/user/Desktop/AVB/Content/FollowCam.uasset
[2018.01.27-05.10.02:361][472]BlueprintLog: New page: Compile FollowCam
[2018.01.27-05.10.03:994][514]Cmd: OBJ SAVEPACKAGE PACKAGE="/Game/FollowCam" FILE="../../../../../../Users/user/Desktop/AVB/Content/FollowCam.uasset" SILENT=true
[2018.01.27-05.10.04:035][514]LogSavePackage: Save=31.36ms
[2018.01.27-05.10.04:035][514]LogSavePackage: Moving '../../../../../../Users/user/Desktop/AVB/Saved/FollowCam8905CB59492ECD3D1186EAB0008F0151.tmp' to '../../../../../../Users/user/Desktop/AVB/Content/FollowCam.uasset'
[2018.01.27-05.10.04:047][514]LogSavePackage: Display: Finished SavePackage ../../../../../../Users/user/Desktop/AVB/Content/FollowCam.uasset
[2018.01.27-05.10.08:881][795]BlueprintLog: New page: Compile FollowCam
[2018.01.27-05.10.10:778][845]Cmd: OBJ SAVEPACKAGE PACKAGE="/Game/FollowCam" FILE="../../../../../../Users/user/Desktop/AVB/Content/FollowCam.uasset" SILENT=true
[2018.01.27-05.10.10:817][845]LogSavePackage: Save=29.20ms
[2018.01.27-05.10.10:817][845]LogSavePackage: Moving '../../../../../../Users/user/Desktop/AVB/Saved/FollowCamB25107484F5A74177E8F71A18B5BE058.tmp' to '../../../../../../Users/user/Desktop/AVB/Content/FollowCam.uasset'
[2018.01.27-05.10.10:830][845]LogSavePackage: Display: Finished SavePackage ../../../../../../Users/user/Desktop/AVB/Content/FollowCam.uasset
[2018.01.27-05.10.28:094][728]BlueprintLog: New page: Compile FollowCam
[2018.01.27-05.10.29:431][753]Cmd: OBJ SAVEPACKAGE PACKAGE="/Game/FollowCam" FILE="../../../../../../Users/user/Desktop/AVB/Content/FollowCam.uasset" SILENT=true
[2018.01.27-05.10.29:473][753]LogSavePackage: Save=33.34ms
[2018.01.27-05.10.29:474][753]LogSavePackage: Moving '../../../../../../Users/user/Desktop/AVB/Saved/FollowCam3031092F4DD25BAF45D0B19B8DDF15F1.tmp' to '../../../../../../Users/user/Desktop/AVB/Content/FollowCam.uasset'
[2018.01.27-05.10.29:486][753]LogSavePackage: Display: Finished SavePackage ../../../../../../Users/user/Desktop/AVB/Content/FollowCam.uasset
[2018.01.27-05.10.32:980][858]LogTemp: Repeating last play command: Selected Viewport
[2018.01.27-05.10.33:015][858]LogBlueprintUserMessages: Early PlayInEditor Detection: Level '/Game/TopDownBP/Maps/TopDownExampleMap.TopDownExampleMap:PersistentLevel' has LevelScriptBlueprint '/Game/TopDownBP/Maps/TopDownExampleMap.TopDownExampleMap:PersistentLevel.TopDownExampleMap' with GeneratedClass '/Game/TopDownBP/Maps/TopDownExampleMap.TopDownExampleMap_C' with ClassGeneratedBy '/Game/TopDownBP/Maps/TopDownExampleMap.TopDownExampleMap:PersistentLevel.TopDownExampleMap'
[2018.01.27-05.10.33:015][858]LogPlayLevel: PlayLevel: No blueprints needed recompiling
[2018.01.27-05.10.33:016][858]PIE: New page: PIE session: TopDownExampleMap (Jan 27, 2018, 9:10:33 PM)
[2018.01.27-05.10.33:016][858]LogPlayLevel: Creating play world package: /Game/TopDownBP/Maps/UEDPIE_0_TopDownExampleMap
[2018.01.27-05.10.33:052][858]LogPlayLevel: PIE: StaticDuplicateObject took: (0.036486s)
[2018.01.27-05.10.33:054][858]LogAIModule: Creating AISystem for world TopDownExampleMap
[2018.01.27-05.10.33:054][858]LogPlayLevel: PIE: World Init took: (0.002090s)
[2018.01.27-05.10.33:055][858]LogPlayLevel: PIE: Created PIE world by copying editor world from /Game/TopDownBP/Maps/TopDownExampleMap.TopDownExampleMap to /Game/TopDownBP/Maps/UEDPIE_0_TopDownExampleMap.TopDownExampleMap (0.039356s)
[2018.01.27-05.10.33:127][858]LogInit: XAudio2 using 'Speakers (Conexant SmartAudio HD)' : 2 channels at 44.1 kHz using 32 bits per sample (channel mask 0x3)
[2018.01.27-05.10.33:164][858]LogInit: FAudioDevice initialized.
[2018.01.27-05.10.33:205][858]LogLoad: Game class is 'TopDownGameMode_C'
[2018.01.27-05.10.33:209][858]LogWorld: Bringing World /Game/TopDownBP/Maps/UEDPIE_0_TopDownExampleMap.TopDownExampleMap up for play (max tick rate 60) at 2018.01.27-13.10.33
[2018.01.27-05.10.33:210][858]LogWorld: Bringing up level for play took: 0.004271
[2018.01.27-05.10.33:212][858]PIE: Play in editor start time for /Game/TopDownBP/Maps/UEDPIE_0_TopDownExampleMap -0.7
[2018.01.27-05.10.33:213][858]LogBlueprintUserMessages: Late PlayInEditor Detection: Level '/Game/TopDownBP/Maps/TopDownExampleMap.TopDownExampleMap:PersistentLevel' has LevelScriptBlueprint '/Game/TopDownBP/Maps/TopDownExampleMap.TopDownExampleMap:PersistentLevel.TopDownExampleMap' with GeneratedClass '/Game/TopDownBP/Maps/TopDownExampleMap.TopDownExampleMap_C' with ClassGeneratedBy '/Game/TopDownBP/Maps/TopDownExampleMap.TopDownExampleMap:PersistentLevel.TopDownExampleMap'
[2018.01.27-05.10.39:702][128]Cmd: CAMERA ALIGN ACTIVEVIEWPORTONLY
[2018.01.27-05.10.40:920][166]Cmd: CAMERA ALIGN ACTIVEVIEWPORTONLY
[2018.01.27-05.10.41:866][196]Cmd: CAMERA ALIGN ACTIVEVIEWPORTONLY
[2018.01.27-05.10.42:028][202]Cmd: CAMERA ALIGN ACTIVEVIEWPORTONLY
[2018.01.27-05.10.42:236][212]Cmd: CAMERA ALIGN ACTIVEVIEWPORTONLY
[2018.01.27-05.10.42:419][223]Cmd: CAMERA ALIGN ACTIVEVIEWPORTONLY
[2018.01.27-05.10.42:627][233]Cmd: CAMERA ALIGN ACTIVEVIEWPORTONLY
[2018.01.27-05.10.43:571][271]LogBlueprintUserMessages: Early EndPlayMap Detection: Level '/Game/TopDownBP/Maps/TopDownExampleMap.TopDownExampleMap:PersistentLevel' has LevelScriptBlueprint '/Game/TopDownBP/Maps/TopDownExampleMap.TopDownExampleMap:PersistentLevel.TopDownExampleMap' with GeneratedClass '/Game/TopDownBP/Maps/TopDownExampleMap.TopDownExampleMap_C' with ClassGeneratedBy '/Game/TopDownBP/Maps/TopDownExampleMap.TopDownExampleMap:PersistentLevel.TopDownExampleMap'
[2018.01.27-05.10.43:668][271]LogBlueprintUserMessages: Late EndPlayMap Detection: Level '/Game/TopDownBP/Maps/TopDownExampleMap.TopDownExampleMap:PersistentLevel' has LevelScriptBlueprint '/Game/TopDownBP/Maps/TopDownExampleMap.TopDownExampleMap:PersistentLevel.TopDownExampleMap' with GeneratedClass '/Game/TopDownBP/Maps/TopDownExampleMap.TopDownExampleMap_C' with ClassGeneratedBy '/Game/TopDownBP/Maps/TopDownExampleMap.TopDownExampleMap:PersistentLevel.TopDownExampleMap'
[2018.01.27-05.11.23:125][207]BlueprintLog: New page: Compile FollowCam
[2018.01.27-05.11.23:145][207]LogBlueprint: Error: [Compiler FollowCam] This blueprint (self) is not a PlayerController, therefore ' Target ' must have a connection.
[2018.01.27-05.11.23:747][207]LogBlueprint: Warning: [Compiler FollowCam] [0465.15] Compile of FollowCam failed. 1 Fatal Issue(s) 0 Warning(s) [in 622 ms] (/Game/FollowCam.FollowCam)
[2018.01.27-05.12.16:975][134]BlueprintLog: New page: Compile FollowCam
[2018.01.27-05.12.17:837][142]Cmd: OBJ SAVEPACKAGE PACKAGE="/Game/FollowCam" FILE="../../../../../../Users/user/Desktop/AVB/Content/FollowCam.uasset" SILENT=true
[2018.01.27-05.12.17:884][142]LogSavePackage: Save=40.07ms
[2018.01.27-05.12.17:884][142]LogSavePackage: Moving '../../../../../../Users/user/Desktop/AVB/Saved/FollowCamC94D214B4D4766247A65CDA42BCC4A0F.tmp' to '../../../../../../Users/user/Desktop/AVB/Content/FollowCam.uasset'
[2018.01.27-05.12.17:898][142]LogSavePackage: Display: Finished SavePackage ../../../../../../Users/user/Desktop/AVB/Content/FollowCam.uasset
[2018.01.27-05.12.20:112][262]LogTemp: Repeating last play command: Selected Viewport
[2018.01.27-05.12.20:147][262]LogBlueprintUserMessages: Early PlayInEditor Detection: Level '/Game/TopDownBP/Maps/TopDownExampleMap.TopDownExampleMap:PersistentLevel' has LevelScriptBlueprint '/Game/TopDownBP/Maps/TopDownExampleMap.TopDownExampleMap:PersistentLevel.TopDownExampleMap' with GeneratedClass '/Game/TopDownBP/Maps/TopDownExampleMap.TopDownExampleMap_C' with ClassGeneratedBy '/Game/TopDownBP/Maps/TopDownExampleMap.TopDownExampleMap:PersistentLevel.TopDownExampleMap'
[2018.01.27-05.12.20:147][262]LogPlayLevel: PlayLevel: No blueprints needed recompiling
[2018.01.27-05.12.20:147][262]PIE: New page: PIE session: TopDownExampleMap (Jan 27, 2018, 9:12:20 PM)
[2018.01.27-05.12.20:147][262]LogPlayLevel: Creating play world package: /Game/TopDownBP/Maps/UEDPIE_0_TopDownExampleMap
[2018.01.27-05.12.20:182][262]LogPlayLevel: PIE: StaticDuplicateObject took: (0.034312s)
[2018.01.27-05.12.20:183][262]LogAIModule: Creating AISystem for world TopDownExampleMap
[2018.01.27-05.12.20:184][262]LogPlayLevel: PIE: World Init took: (0.001938s)
[2018.01.27-05.12.20:184][262]LogPlayLevel: PIE: Created PIE world by copying editor world from /Game/TopDownBP/Maps/TopDownExampleMap.TopDownExampleMap to /Game/TopDownBP/Maps/UEDPIE_0_TopDownExampleMap.TopDownExampleMap (0.037040s)
[2018.01.27-05.12.20:228][262]LogInit: XAudio2 using 'Speakers (Conexant SmartAudio HD)' : 2 channels at 44.1 kHz using 32 bits per sample (channel mask 0x3)
[2018.01.27-05.12.20:258][262]LogInit: FAudioDevice initialized.
[2018.01.27-05.12.20:296][262]LogLoad: Game class is 'TopDownGameMode_C'
[2018.01.27-05.12.20:301][262]LogWorld: Bringing World /Game/TopDownBP/Maps/UEDPIE_0_TopDownExampleMap.TopDownExampleMap up for play (max tick rate 60) at 2018.01.27-13.12.20
[2018.01.27-05.12.20:301][262]LogWorld: Bringing up level for play took: 0.003937
[2018.01.27-05.12.20:303][262]PIE: Play in editor start time for /Game/TopDownBP/Maps/UEDPIE_0_TopDownExampleMap 0.39
[2018.01.27-05.12.20:303][262]LogBlueprintUserMessages: Late PlayInEditor Detection: Level '/Game/TopDownBP/Maps/TopDownExampleMap.TopDownExampleMap:PersistentLevel' has LevelScriptBlueprint '/Game/TopDownBP/Maps/TopDownExampleMap.TopDownExampleMap:PersistentLevel.TopDownExampleMap' with GeneratedClass '/Game/TopDownBP/Maps/TopDownExampleMap.TopDownExampleMap_C' with ClassGeneratedBy '/Game/TopDownBP/Maps/TopDownExampleMap.TopDownExampleMap:PersistentLevel.TopDownExampleMap'
[2018.01.27-05.12.49:482][812]LogBlueprintUserMessages: Early EndPlayMap Detection: Level '/Game/TopDownBP/Maps/TopDownExampleMap.TopDownExampleMap:PersistentLevel' has LevelScriptBlueprint '/Game/TopDownBP/Maps/TopDownExampleMap.TopDownExampleMap:PersistentLevel.TopDownExampleMap' with GeneratedClass '/Game/TopDownBP/Maps/TopDownExampleMap.TopDownExampleMap_C' with ClassGeneratedBy '/Game/TopDownBP/Maps/TopDownExampleMap.TopDownExampleMap:PersistentLevel.TopDownExampleMap'
[2018.01.27-05.12.49:554][812]LogBlueprintUserMessages: Late EndPlayMap Detection: Level '/Game/TopDownBP/Maps/TopDownExampleMap.TopDownExampleMap:PersistentLevel' has LevelScriptBlueprint '/Game/TopDownBP/Maps/TopDownExampleMap.TopDownExampleMap:PersistentLevel.TopDownExampleMap' with GeneratedClass '/Game/TopDownBP/Maps/TopDownExampleMap.TopDownExampleMap_C' with ClassGeneratedBy '/Game/TopDownBP/Maps/TopDownExampleMap.TopDownExampleMap:PersistentLevel.TopDownExampleMap'
[2018.01.27-05.12.54:402][ 73]BlueprintLog: New page: Compile FollowCam
[2018.01.27-05.12.55:664][ 99]Cmd: OBJ SAVEPACKAGE PACKAGE="/Game/FollowCam" FILE="../../../../../../Users/user/Desktop/AVB/Content/FollowCam.uasset" SILENT=true
[2018.01.27-05.12.55:711][ 99]LogSavePackage: Save=37.41ms
[2018.01.27-05.12.55:711][ 99]LogSavePackage: Moving '../../../../../../Users/user/Desktop/AVB/Saved/FollowCam806F772A436BD0EE85C98589F4C67BF7.tmp' to '../../../../../../Users/user/Desktop/AVB/Content/FollowCam.uasset'
[2018.01.27-05.12.55:723][ 99]LogSavePackage: Display: Finished SavePackage ../../../../../../Users/user/Desktop/AVB/Content/FollowCam.uasset
[2018.01.27-05.12.57:958][212]LogTemp: Repeating last play command: Selected Viewport
[2018.01.27-05.12.57:992][212]LogBlueprintUserMessages: Early PlayInEditor Detection: Level '/Game/TopDownBP/Maps/TopDownExampleMap.TopDownExampleMap:PersistentLevel' has LevelScriptBlueprint '/Game/TopDownBP/Maps/TopDownExampleMap.TopDownExampleMap:PersistentLevel.TopDownExampleMap' with GeneratedClass '/Game/TopDownBP/Maps/TopDownExampleMap.TopDownExampleMap_C' with ClassGeneratedBy '/Game/TopDownBP/Maps/TopDownExampleMap.TopDownExampleMap:PersistentLevel.TopDownExampleMap'
[2018.01.27-05.12.57:993][212]LogPlayLevel: PlayLevel: No blueprints needed recompiling
[2018.01.27-05.12.57:993][212]PIE: New page: PIE session: TopDownExampleMap (Jan 27, 2018, 9:12:57 PM)
[2018.01.27-05.12.57:993][212]LogPlayLevel: Creating play world package: /Game/TopDownBP/Maps/UEDPIE_0_TopDownExampleMap
[2018.01.27-05.12.58:023][212]LogPlayLevel: PIE: StaticDuplicateObject took: (0.030225s)
[2018.01.27-05.12.58:024][212]LogAIModule: Creating AISystem for world TopDownExampleMap
[2018.01.27-05.12.58:025][212]LogPlayLevel: PIE: World Init took: (0.001227s)
[2018.01.27-05.12.58:025][212]LogPlayLevel: PIE: Created PIE world by copying editor world from /Game/TopDownBP/Maps/TopDownExampleMap.TopDownExampleMap to /Game/TopDownBP/Maps/UEDPIE_0_TopDownExampleMap.TopDownExampleMap (0.032036s)
[2018.01.27-05.12.58:072][212]LogInit: XAudio2 using 'Speakers (Conexant SmartAudio HD)' : 2 channels at 44.1 kHz using 32 bits per sample (channel mask 0x3)
[2018.01.27-05.12.58:103][212]LogInit: FAudioDevice initialized.
[2018.01.27-05.12.58:143][212]LogLoad: Game class is 'TopDownGameMode_C'
[2018.01.27-05.12.58:147][212]LogWorld: Bringing World /Game/TopDownBP/Maps/UEDPIE_0_TopDownExampleMap.TopDownExampleMap up for play (max tick rate 60) at 2018.01.27-13.12.58
[2018.01.27-05.12.58:148][212]LogWorld: Bringing up level for play took: 0.003690
[2018.01.27-05.12.58:149][212]PIE: Play in editor start time for /Game/TopDownBP/Maps/UEDPIE_0_TopDownExampleMap 0.237
[2018.01.27-05.12.58:149][212]LogBlueprintUserMessages: Late PlayInEditor Detection: Level '/Game/TopDownBP/Maps/TopDownExampleMap.TopDownExampleMap:PersistentLevel' has LevelScriptBlueprint '/Game/TopDownBP/Maps/TopDownExampleMap.TopDownExampleMap:PersistentLevel.TopDownExampleMap' with GeneratedClass '/Game/TopDownBP/Maps/TopDownExampleMap.TopDownExampleMap_C' with ClassGeneratedBy '/Game/TopDownBP/Maps/TopDownExampleMap.TopDownExampleMap:PersistentLevel.TopDownExampleMap'
[2018.01.27-05.13.07:921][709]LogBlueprintUserMessages: Early EndPlayMap Detection: Level '/Game/TopDownBP/Maps/TopDownExampleMap.TopDownExampleMap:PersistentLevel' has LevelScriptBlueprint '/Game/TopDownBP/Maps/TopDownExampleMap.TopDownExampleMap:PersistentLevel.TopDownExampleMap' with GeneratedClass '/Game/TopDownBP/Maps/TopDownExampleMap.TopDownExampleMap_C' with ClassGeneratedBy '/Game/TopDownBP/Maps/TopDownExampleMap.TopDownExampleMap:PersistentLevel.TopDownExampleMap'
[2018.01.27-05.13.07:968][709]LogBlueprintUserMessages: Late EndPlayMap Detection: Level '/Game/TopDownBP/Maps/TopDownExampleMap.TopDownExampleMap:PersistentLevel' has LevelScriptBlueprint '/Game/TopDownBP/Maps/TopDownExampleMap.TopDownExampleMap:PersistentLevel.TopDownExampleMap' with GeneratedClass '/Game/TopDownBP/Maps/TopDownExampleMap.TopDownExampleMap_C' with ClassGeneratedBy '/Game/TopDownBP/Maps/TopDownExampleMap.TopDownExampleMap:PersistentLevel.TopDownExampleMap'
[2018.01.27-05.15.08:156][798]LogSlate: Took 0.000467 seconds to synchronously load lazily loaded font '../../../Engine/Content/Slate/Fonts/Roboto-Light.ttf' (159K)
[2018.01.27-05.15.17:883][825]LogSavePackage: Save=544.10ms
[2018.01.27-05.15.17:883][825]LogSavePackage: Moving '../../../../../../Users/user/Desktop/AVB/Saved/TopDownExampleMap_Auto14A3FBE664E12418B006A9F904454648B.tmp' to '../../../../../../Users/user/Desktop/AVB/Saved/Autosaves/Game/TopDownBP/Maps/TopDownExampleMap_Auto1.umap'
[2018.01.27-05.15.17:887][825]LogSavePackage: Display: Finished SavePackage ../../../../../../Users/user/Desktop/AVB/Saved/Autosaves/Game/TopDownBP/Maps/TopDownExampleMap_Auto1.umap
[2018.01.27-05.15.17:924][825]LogFileHelpers: Editor autosave (incl. sublevels) for '/Game/TopDownBP/Maps/TopDownExampleMap' took 0.984
[2018.01.27-05.15.17:924][825]LogFileHelpers: Editor autosave (incl. sublevels) for all levels took 0.984
[2018.01.27-05.16.06:466][ 65]LogLinker: Can't find file '/Game/ThirdPersonBP/Blueprints/ThirdPersonCharacter'
[2018.01.27-05.16.06:466][ 65]LogLinker: Can't find file '/Game/ThirdPersonBP/Blueprints/ThirdPersonCharacter'
[2018.01.27-05.16.08:059][143]BlueprintLog: New page: Compile FollowCam
[2018.01.27-05.16.08:087][143]LogBlueprint: Error: [Compiler FollowCam] This blueprint (self) is not a Pawn, therefore ' Target ' must have a connection.
[2018.01.27-05.16.08:087][143]LogBlueprint: Error: [Compiler FollowCam] This blueprint (self) is not a Pawn, therefore ' Target ' must have a connection.
[2018.01.27-05.16.08:087][143]LogBlueprint: Error: [Compiler FollowCam] This blueprint (self) is not a Pawn, therefore ' Target ' must have a connection.
[2018.01.27-05.16.08:531][143]LogBlueprint: Warning: [Compiler FollowCam] [0749.93] Compile of FollowCam failed. 3 Fatal Issue(s) 0 Warning(s) [in 471 ms] (/Game/FollowCam.FollowCam)
[2018.01.27-05.16.09:258][184]Cmd: OBJ SAVEPACKAGE PACKAGE="/Game/FollowCam" FILE="../../../../../../Users/user/Desktop/AVB/Content/FollowCam.uasset" SILENT=true
[2018.01.27-05.16.09:320][184]LogSavePackage: Save=48.40ms
[2018.01.27-05.16.09:320][184]LogSavePackage: Moving '../../../../../../Users/user/Desktop/AVB/Saved/FollowCam34EC87354B92152D2A20F48EEF857317.tmp' to '../../../../../../Users/user/Desktop/AVB/Content/FollowCam.uasset'
[2018.01.27-05.16.09:328][184]LogSavePackage: Display: Finished SavePackage ../../../../../../Users/user/Desktop/AVB/Content/FollowCam.uasset
[2018.01.27-05.16.13:469][415]LogEditorTransaction: Undo Paste clipboard contents
[2018.01.27-05.16.14:499][467]BlueprintLog: New page: Compile FollowCam
[2018.01.27-05.16.15:091][474]Cmd: OBJ SAVEPACKAGE PACKAGE="/Game/FollowCam" FILE="../../../../../../Users/user/Desktop/AVB/Content/FollowCam.uasset" SILENT=true
[2018.01.27-05.16.15:136][474]LogSavePackage: Save=38.14ms
[2018.01.27-05.16.15:136][474]LogSavePackage: Moving '../../../../../../Users/user/Desktop/AVB/Saved/FollowCamB20CEFA746721C72C1A68381646C4DB8.tmp' to '../../../../../../Users/user/Desktop/AVB/Content/FollowCam.uasset'
[2018.01.27-05.16.15:149][474]LogSavePackage: Display: Finished SavePackage ../../../../../../Users/user/Desktop/AVB/Content/FollowCam.uasset
[2018.01.27-05.16.17:611][597]BlueprintLog: New page: Compile TopDownCharacter
[2018.01.27-05.16.18:772][624]Cmd: OBJ SAVEPACKAGE PACKAGE="/Game/TopDownBP/Blueprints/TopDownCharacter" FILE="../../../../../../Users/user/Desktop/AVB/Content/TopDownBP/Blueprints/TopDownCharacter.uasset" SILENT=true
[2018.01.27-05.16.18:868][624]LogSavePackage: Save=82.53ms
[2018.01.27-05.16.18:868][624]LogSavePackage: Moving '../../../../../../Users/user/Desktop/AVB/Saved/TopDownCharacter355AA88540BA5F6CB5883B962CFB54F5.tmp' to '../../../../../../Users/user/Desktop/AVB/Content/TopDownBP/Blueprints/TopDownCharacter.uasset'
[2018.01.27-05.16.18:877][624]LogSavePackage: Display: Finished SavePackage ../../../../../../Users/user/Desktop/AVB/Content/TopDownBP/Blueprints/TopDownCharacter.uasset
[2018.01.27-05.16.20:003][681]LogTemp: Repeating last play command: Selected Viewport
[2018.01.27-05.16.20:050][681]LogBlueprintUserMessages: Early PlayInEditor Detection: Level '/Game/TopDownBP/Maps/TopDownExampleMap.TopDownExampleMap:PersistentLevel' has LevelScriptBlueprint '/Game/TopDownBP/Maps/TopDownExampleMap.TopDownExampleMap:PersistentLevel.TopDownExampleMap' with GeneratedClass '/Game/TopDownBP/Maps/TopDownExampleMap.TopDownExampleMap_C' with ClassGeneratedBy '/Game/TopDownBP/Maps/TopDownExampleMap.TopDownExampleMap:PersistentLevel.TopDownExampleMap'
[2018.01.27-05.16.20:050][681]LogPlayLevel: PlayLevel: No blueprints needed recompiling
[2018.01.27-05.16.20:051][681]PIE: New page: PIE session: TopDownExampleMap (Jan 27, 2018, 9:16:20 PM)
[2018.01.27-05.16.20:051][681]LogPlayLevel: Creating play world package: /Game/TopDownBP/Maps/UEDPIE_0_TopDownExampleMap
[2018.01.27-05.16.20:079][681]LogPlayLevel: PIE: StaticDuplicateObject took: (0.027903s)
[2018.01.27-05.16.20:080][681]LogAIModule: Creating AISystem for world TopDownExampleMap
[2018.01.27-05.16.20:080][681]LogPlayLevel: PIE: World Init took: (0.001454s)
[2018.01.27-05.16.20:081][681]LogPlayLevel: PIE: Created PIE world by copying editor world from /Game/TopDownBP/Maps/TopDownExampleMap.TopDownExampleMap to /Game/TopDownBP/Maps/UEDPIE_0_TopDownExampleMap.TopDownExampleMap (0.029878s)
[2018.01.27-05.16.20:135][681]LogInit: XAudio2 using 'Speakers (Conexant SmartAudio HD)' : 2 channels at 44.1 kHz using 32 bits per sample (channel mask 0x3)
[2018.01.27-05.16.20:168][681]LogInit: FAudioDevice initialized.
[2018.01.27-05.16.20:204][681]LogLoad: Game class is 'TopDownGameMode_C'
[2018.01.27-05.16.20:208][681]LogWorld: Bringing World /Game/TopDownBP/Maps/UEDPIE_0_TopDownExampleMap.TopDownExampleMap up for play (max tick rate 60) at 2018.01.27-13.16.20
[2018.01.27-05.16.20:208][681]LogWorld: Bringing up level for play took: 0.003374
[2018.01.27-05.16.20:286][681]PIE: Play in editor start time for /Game/TopDownBP/Maps/UEDPIE_0_TopDownExampleMap 0.375
[2018.01.27-05.16.20:287][681]LogBlueprintUserMessages: Late PlayInEditor Detection: Level '/Game/TopDownBP/Maps/TopDownExampleMap.TopDownExampleMap:PersistentLevel' has LevelScriptBlueprint '/Game/TopDownBP/Maps/TopDownExampleMap.TopDownExampleMap:PersistentLevel.TopDownExampleMap' with GeneratedClass '/Game/TopDownBP/Maps/TopDownExampleMap.TopDownExampleMap_C' with ClassGeneratedBy '/Game/TopDownBP/Maps/TopDownExampleMap.TopDownExampleMap:PersistentLevel.TopDownExampleMap'
[2018.01.27-05.16.31:151][305]LogBlueprintUserMessages: Early EndPlayMap Detection: Level '/Game/TopDownBP/Maps/TopDownExampleMap.TopDownExampleMap:PersistentLevel' has LevelScriptBlueprint '/Game/TopDownBP/Maps/TopDownExampleMap.TopDownExampleMap:PersistentLevel.TopDownExampleMap' with GeneratedClass '/Game/TopDownBP/Maps/TopDownExampleMap.TopDownExampleMap_C' with ClassGeneratedBy '/Game/TopDownBP/Maps/TopDownExampleMap.TopDownExampleMap:PersistentLevel.TopDownExampleMap'
[2018.01.27-05.16.31:201][305]LogBlueprintUserMessages: Late EndPlayMap Detection: Level '/Game/TopDownBP/Maps/TopDownExampleMap.TopDownExampleMap:PersistentLevel' has LevelScriptBlueprint '/Game/TopDownBP/Maps/TopDownExampleMap.TopDownExampleMap:PersistentLevel.TopDownExampleMap' with GeneratedClass '/Game/TopDownBP/Maps/TopDownExampleMap.TopDownExampleMap_C' with ClassGeneratedBy '/Game/TopDownBP/Maps/TopDownExampleMap.TopDownExampleMap:PersistentLevel.TopDownExampleMap'
[2018.01.27-05.16.35:141][513]LogBlueprintUserMessages: Early PlayInEditor Detection: Level '/Game/TopDownBP/Maps/TopDownExampleMap.TopDownExampleMap:PersistentLevel' has LevelScriptBlueprint '/Game/TopDownBP/Maps/TopDownExampleMap.TopDownExampleMap:PersistentLevel.TopDownExampleMap' with GeneratedClass '/Game/TopDownBP/Maps/TopDownExampleMap.TopDownExampleMap_C' with ClassGeneratedBy '/Game/TopDownBP/Maps/TopDownExampleMap.TopDownExampleMap:PersistentLevel.TopDownExampleMap'
[2018.01.27-05.16.35:142][513]LogPlayLevel: PlayLevel: No blueprints needed recompiling
[2018.01.27-05.16.35:142][513]PIE: New page: PIE session: TopDownExampleMap (Jan 27, 2018, 9:16:35 PM)
[2018.01.27-05.16.35:142][513]LogPlayLevel: Creating play world package: /Game/TopDownBP/Maps/UEDPIE_0_TopDownExampleMap
[2018.01.27-05.16.35:172][513]LogPlayLevel: PIE: StaticDuplicateObject took: (0.030412s)
[2018.01.27-05.16.35:174][513]LogAIModule: Creating AISystem for world TopDownExampleMap
[2018.01.27-05.16.35:175][513]LogPlayLevel: PIE: World Init took: (0.002097s)
[2018.01.27-05.16.35:175][513]LogPlayLevel: PIE: Created PIE world by copying editor world from /Game/TopDownBP/Maps/TopDownExampleMap.TopDownExampleMap to /Game/TopDownBP/Maps/UEDPIE_0_TopDownExampleMap.TopDownExampleMap (0.033067s)
[2018.01.27-05.16.35:225][513]LogInit: XAudio2 using 'Speakers (Conexant SmartAudio HD)' : 2 channels at 44.1 kHz using 32 bits per sample (channel mask 0x3)
[2018.01.27-05.16.35:260][513]LogInit: FAudioDevice initialized.
[2018.01.27-05.16.35:611][513]LogLoad: Game class is 'TopDownGameMode_C'
[2018.01.27-05.16.35:616][513]LogWorld: Bringing World /Game/TopDownBP/Maps/UEDPIE_0_TopDownExampleMap.TopDownExampleMap up for play (max tick rate 60) at 2018.01.27-13.16.35
[2018.01.27-05.16.35:617][513]LogWorld: Bringing up level for play took: 0.005221
[2018.01.27-05.16.35:627][513]PIE: Play in editor start time for /Game/TopDownBP/Maps/UEDPIE_0_TopDownExampleMap -0.285
[2018.01.27-05.16.35:628][513]LogBlueprintUserMessages: Late PlayInEditor Detection: Level '/Game/TopDownBP/Maps/TopDownExampleMap.TopDownExampleMap:PersistentLevel' has LevelScriptBlueprint '/Game/TopDownBP/Maps/TopDownExampleMap.TopDownExampleMap:PersistentLevel.TopDownExampleMap' with GeneratedClass '/Game/TopDownBP/Maps/TopDownExampleMap.TopDownExampleMap_C' with ClassGeneratedBy '/Game/TopDownBP/Maps/TopDownExampleMap.TopDownExampleMap:PersistentLevel.TopDownExampleMap'
[2018.01.27-05.16.40:143][737]LogBlueprintUserMessages: Early EndPlayMap Detection: Level '/Game/TopDownBP/Maps/TopDownExampleMap.TopDownExampleMap:PersistentLevel' has LevelScriptBlueprint '/Game/TopDownBP/Maps/TopDownExampleMap.TopDownExampleMap:PersistentLevel.TopDownExampleMap' with GeneratedClass '/Game/TopDownBP/Maps/TopDownExampleMap.TopDownExampleMap_C' with ClassGeneratedBy '/Game/TopDownBP/Maps/TopDownExampleMap.TopDownExampleMap:PersistentLevel.TopDownExampleMap'
[2018.01.27-05.16.40:231][737]LogBlueprintUserMessages: Late EndPlayMap Detection: Level '/Game/TopDownBP/Maps/TopDownExampleMap.TopDownExampleMap:PersistentLevel' has LevelScriptBlueprint '/Game/TopDownBP/Maps/TopDownExampleMap.TopDownExampleMap:PersistentLevel.TopDownExampleMap' with GeneratedClass '/Game/TopDownBP/Maps/TopDownExampleMap.TopDownExampleMap_C' with ClassGeneratedBy '/Game/TopDownBP/Maps/TopDownExampleMap.TopDownExampleMap:PersistentLevel.TopDownExampleMap'
[2018.01.27-05.16.52:107][421]BlueprintLog: New page: Compile FollowCam
[2018.01.27-05.16.53:343][452]Cmd: OBJ SAVEPACKAGE PACKAGE="/Game/FollowCam" FILE="../../../../../../Users/user/Desktop/AVB/Content/FollowCam.uasset" SILENT=true
[2018.01.27-05.16.53:421][452]LogSavePackage: Save=44.40ms
[2018.01.27-05.16.53:421][452]LogSavePackage: Moving '../../../../../../Users/user/Desktop/AVB/Saved/FollowCam875348BB4171874BFAFAACBD7FAA91E1.tmp' to '../../../../../../Users/user/Desktop/AVB/Content/FollowCam.uasset'
[2018.01.27-05.16.53:432][452]LogSavePackage: Display: Finished SavePackage ../../../../../../Users/user/Desktop/AVB/Content/FollowCam.uasset
[2018.01.27-05.16.54:251][494]LogTemp: Repeating last play command: New Editor Window (PIE)
[2018.01.27-05.16.54:287][494]LogBlueprintUserMessages: Early PlayInEditor Detection: Level '/Game/TopDownBP/Maps/TopDownExampleMap.TopDownExampleMap:PersistentLevel' has LevelScriptBlueprint '/Game/TopDownBP/Maps/TopDownExampleMap.TopDownExampleMap:PersistentLevel.TopDownExampleMap' with GeneratedClass '/Game/TopDownBP/Maps/TopDownExampleMap.TopDownExampleMap_C' with ClassGeneratedBy '/Game/TopDownBP/Maps/TopDownExampleMap.TopDownExampleMap:PersistentLevel.TopDownExampleMap'
[2018.01.27-05.16.54:288][494]LogPlayLevel: PlayLevel: No blueprints needed recompiling
[2018.01.27-05.16.54:288][494]PIE: New page: PIE session: TopDownExampleMap (Jan 27, 2018, 9:16:54 PM)
[2018.01.27-05.16.54:288][494]LogPlayLevel: Creating play world package: /Game/TopDownBP/Maps/UEDPIE_0_TopDownExampleMap
[2018.01.27-05.16.54:320][494]LogPlayLevel: PIE: StaticDuplicateObject took: (0.032136s)
[2018.01.27-05.16.54:322][494]LogAIModule: Creating AISystem for world TopDownExampleMap
[2018.01.27-05.16.54:322][494]LogPlayLevel: PIE: World Init took: (0.001676s)
[2018.01.27-05.16.54:322][494]LogPlayLevel: PIE: Created PIE world by copying editor world from /Game/TopDownBP/Maps/TopDownExampleMap.TopDownExampleMap to /Game/TopDownBP/Maps/UEDPIE_0_TopDownExampleMap.TopDownExampleMap (0.034335s)
[2018.01.27-05.16.54:371][494]LogInit: XAudio2 using 'Speakers (Conexant SmartAudio HD)' : 2 channels at 44.1 kHz using 32 bits per sample (channel mask 0x3)
[2018.01.27-05.16.54:407][494]LogInit: FAudioDevice initialized.
[2018.01.27-05.16.54:541][494]LogLoad: Game class is 'TopDownGameMode_C'
[2018.01.27-05.16.54:551][494]LogWorld: Bringing World /Game/TopDownBP/Maps/UEDPIE_0_TopDownExampleMap.TopDownExampleMap up for play (max tick rate 60) at 2018.01.27-13.16.54
[2018.01.27-05.16.54:552][494]LogWorld: Bringing up level for play took: 0.009434
[2018.01.27-05.16.54:564][494]PIE: Play in editor start time for /Game/TopDownBP/Maps/UEDPIE_0_TopDownExampleMap 0.652
[2018.01.27-05.16.54:565][494]LogBlueprintUserMessages: Late PlayInEditor Detection: Level '/Game/TopDownBP/Maps/TopDownExampleMap.TopDownExampleMap:PersistentLevel' has LevelScriptBlueprint '/Game/TopDownBP/Maps/TopDownExampleMap.TopDownExampleMap:PersistentLevel.TopDownExampleMap' with GeneratedClass '/Game/TopDownBP/Maps/TopDownExampleMap.TopDownExampleMap_C' with ClassGeneratedBy '/Game/TopDownBP/Maps/TopDownExampleMap.TopDownExampleMap:PersistentLevel.TopDownExampleMap'
[2018.01.27-05.17.12:088][367]LogBlueprintUserMessages: Early EndPlayMap Detection: Level '/Game/TopDownBP/Maps/TopDownExampleMap.TopDownExampleMap:PersistentLevel' has LevelScriptBlueprint '/Game/TopDownBP/Maps/TopDownExampleMap.TopDownExampleMap:PersistentLevel.TopDownExampleMap' with GeneratedClass '/Game/TopDownBP/Maps/TopDownExampleMap.TopDownExampleMap_C' with ClassGeneratedBy '/Game/TopDownBP/Maps/TopDownExampleMap.TopDownExampleMap:PersistentLevel.TopDownExampleMap'
[2018.01.27-05.17.12:182][367]LogBlueprintUserMessages: Late EndPlayMap Detection: Level '/Game/TopDownBP/Maps/TopDownExampleMap.TopDownExampleMap:PersistentLevel' has LevelScriptBlueprint '/Game/TopDownBP/Maps/TopDownExampleMap.TopDownExampleMap:PersistentLevel.TopDownExampleMap' with GeneratedClass '/Game/TopDownBP/Maps/TopDownExampleMap.TopDownExampleMap_C' with ClassGeneratedBy '/Game/TopDownBP/Maps/TopDownExampleMap.TopDownExampleMap:PersistentLevel.TopDownExampleMap'
[2018.01.27-05.17.22:093][445]LogTemp: Repeating last play command: New Editor Window (PIE)
[2018.01.27-05.17.22:111][445]LogBlueprintUserMessages: Early PlayInEditor Detection: Level '/Game/TopDownBP/Maps/TopDownExampleMap.TopDownExampleMap:PersistentLevel' has LevelScriptBlueprint '/Game/TopDownBP/Maps/TopDownExampleMap.TopDownExampleMap:PersistentLevel.TopDownExampleMap' with GeneratedClass '/Game/TopDownBP/Maps/TopDownExampleMap.TopDownExampleMap_C' with ClassGeneratedBy '/Game/TopDownBP/Maps/TopDownExampleMap.TopDownExampleMap:PersistentLevel.TopDownExampleMap'
[2018.01.27-05.17.22:112][445]LogPlayLevel: PlayLevel: No blueprints needed recompiling
[2018.01.27-05.17.22:112][445]PIE: New page: PIE session: TopDownExampleMap (Jan 27, 2018, 9:17:22 PM)
[2018.01.27-05.17.22:112][445]LogPlayLevel: Creating play world package: /Game/TopDownBP/Maps/UEDPIE_0_TopDownExampleMap
[2018.01.27-05.17.22:153][445]LogPlayLevel: PIE: StaticDuplicateObject took: (0.041022s)
[2018.01.27-05.17.22:155][445]LogAIModule: Creating AISystem for world TopDownExampleMap
[2018.01.27-05.17.22:155][445]LogPlayLevel: PIE: World Init took: (0.001996s)
[2018.01.27-05.17.22:156][445]LogPlayLevel: PIE: Created PIE world by copying editor world from /Game/TopDownBP/Maps/TopDownExampleMap.TopDownExampleMap to /Game/TopDownBP/Maps/UEDPIE_0_TopDownExampleMap.TopDownExampleMap (0.044126s)
[2018.01.27-05.17.22:209][445]LogInit: XAudio2 using 'Speakers (Conexant SmartAudio HD)' : 2 channels at 44.1 kHz using 32 bits per sample (channel mask 0x3)
[2018.01.27-05.17.22:245][445]LogInit: FAudioDevice initialized.
[2018.01.27-05.17.22:345][445]LogLoad: Game class is 'TopDownGameMode_C'
[2018.01.27-05.17.22:350][445]LogWorld: Bringing World /Game/TopDownBP/Maps/UEDPIE_0_TopDownExampleMap.TopDownExampleMap up for play (max tick rate 60) at 2018.01.27-13.17.22
[2018.01.27-05.17.22:351][445]LogWorld: Bringing up level for play took: 0.004690
[2018.01.27-05.17.22:360][445]PIE: Play in editor start time for /Game/TopDownBP/Maps/UEDPIE_0_TopDownExampleMap 0.448
[2018.01.27-05.17.22:361][445]LogBlueprintUserMessages: Late PlayInEditor Detection: Level '/Game/TopDownBP/Maps/TopDownExampleMap.TopDownExampleMap:PersistentLevel' has LevelScriptBlueprint '/Game/TopDownBP/Maps/TopDownExampleMap.TopDownExampleMap:PersistentLevel.TopDownExampleMap' with GeneratedClass '/Game/TopDownBP/Maps/TopDownExampleMap.TopDownExampleMap_C' with ClassGeneratedBy '/Game/TopDownBP/Maps/TopDownExampleMap.TopDownExampleMap:PersistentLevel.TopDownExampleMap'
[2018.01.27-05.17.31:542][901]LogBlueprintUserMessages: Early EndPlayMap Detection: Level '/Game/TopDownBP/Maps/TopDownExampleMap.TopDownExampleMap:PersistentLevel' has LevelScriptBlueprint '/Game/TopDownBP/Maps/TopDownExampleMap.TopDownExampleMap:PersistentLevel.TopDownExampleMap' with GeneratedClass '/Game/TopDownBP/Maps/TopDownExampleMap.TopDownExampleMap_C' with ClassGeneratedBy '/Game/TopDownBP/Maps/TopDownExampleMap.TopDownExampleMap:PersistentLevel.TopDownExampleMap'
[2018.01.27-05.17.31:625][901]LogBlueprintUserMessages: Late EndPlayMap Detection: Level '/Game/TopDownBP/Maps/TopDownExampleMap.TopDownExampleMap:PersistentLevel' has LevelScriptBlueprint '/Game/TopDownBP/Maps/TopDownExampleMap.TopDownExampleMap:PersistentLevel.TopDownExampleMap' with GeneratedClass '/Game/TopDownBP/Maps/TopDownExampleMap.TopDownExampleMap_C' with ClassGeneratedBy '/Game/TopDownBP/Maps/TopDownExampleMap.TopDownExampleMap:PersistentLevel.TopDownExampleMap'
[2018.01.27-05.17.48:344][831]LogSavePackage: Save=271.76ms
[2018.01.27-05.17.48:344][831]LogSavePackage: Moving '../../../../../../Users/user/Desktop/AVB/Saved/TopDownExampleMapDE126E074A97E88F794830A73EE34C87.tmp' to '../../../../../../Users/user/Desktop/AVB/Content/TopDownBP/Maps/TopDownExampleMap.umap'
[2018.01.27-05.17.48:361][831]LogSavePackage: Display: Finished SavePackage ../../../../../../Users/user/Desktop/AVB/Content/TopDownBP/Maps/TopDownExampleMap.umap
[2018.01.27-05.17.48:389][831]LogFileHelpers: Saving map 'TopDownExampleMap' took 0.577
[2018.01.27-05.18.47:110][ 79]BlueprintLog: New page: Compile TopDownController
[2018.01.27-05.18.48:793][148]BlueprintLog: New page: Compile TopDownController
[2018.01.27-05.18.49:269][155]Cmd: OBJ SAVEPACKAGE PACKAGE="/Game/TopDownBP/Blueprints/TopDownController" FILE="../../../../../../Users/user/Desktop/AVB/Content/TopDownBP/Blueprints/TopDownController.uasset" SILENT=true
[2018.01.27-05.18.49:338][155]LogSavePackage: Save=31.28ms
[2018.01.27-05.18.49:338][155]LogSavePackage: Moving '../../../../../../Users/user/Desktop/AVB/Saved/TopDownController5916A324471B24F8280CB78A8E7B6D20.tmp' to '../../../../../../Users/user/Desktop/AVB/Content/TopDownBP/Blueprints/TopDownController.uasset'
[2018.01.27-05.18.49:348][155]LogSavePackage: Display: Finished SavePackage ../../../../../../Users/user/Desktop/AVB/Content/TopDownBP/Blueprints/TopDownController.uasset
[2018.01.27-05.18.50:365][216]LogTemp: Repeating last play command: New Editor Window (PIE)
[2018.01.27-05.18.50:387][216]LogBlueprintUserMessages: Early PlayInEditor Detection: Level '/Game/TopDownBP/Maps/TopDownExampleMap.TopDownExampleMap:PersistentLevel' has LevelScriptBlueprint '/Game/TopDownBP/Maps/TopDownExampleMap.TopDownExampleMap:PersistentLevel.TopDownExampleMap' with GeneratedClass '/Game/TopDownBP/Maps/TopDownExampleMap.TopDownExampleMap_C' with ClassGeneratedBy '/Game/TopDownBP/Maps/TopDownExampleMap.TopDownExampleMap:PersistentLevel.TopDownExampleMap'
[2018.01.27-05.18.50:387][216]LogPlayLevel: PlayLevel: No blueprints needed recompiling
[2018.01.27-05.18.50:387][216]PIE: New page: PIE session: TopDownExampleMap (Jan 27, 2018, 9:18:50 PM)
[2018.01.27-05.18.50:388][216]LogPlayLevel: Creating play world package: /Game/TopDownBP/Maps/UEDPIE_0_TopDownExampleMap
[2018.01.27-05.18.50:474][216]LogPlayLevel: PIE: StaticDuplicateObject took: (0.086802s)
[2018.01.27-05.18.50:478][216]LogAIModule: Creating AISystem for world TopDownExampleMap
[2018.01.27-05.18.50:478][216]LogPlayLevel: PIE: World Init took: (0.003447s)
[2018.01.27-05.18.50:478][216]LogPlayLevel: PIE: Created PIE world by copying editor world from /Game/TopDownBP/Maps/TopDownExampleMap.TopDownExampleMap to /Game/TopDownBP/Maps/UEDPIE_0_TopDownExampleMap.TopDownExampleMap (0.090691s)
[2018.01.27-05.18.50:582][216]LogInit: XAudio2 using 'Speakers (Conexant SmartAudio HD)' : 2 channels at 44.1 kHz using 32 bits per sample (channel mask 0x3)
[2018.01.27-05.18.50:708][216]LogInit: FAudioDevice initialized.
[2018.01.27-05.18.50:804][216]LogLoad: Game class is 'TopDownGameMode_C'
[2018.01.27-05.18.50:809][216]LogWorld: Bringing World /Game/TopDownBP/Maps/UEDPIE_0_TopDownExampleMap.TopDownExampleMap up for play (max tick rate 60) at 2018.01.27-13.18.50
[2018.01.27-05.18.50:809][216]LogWorld: Bringing up level for play took: 0.004044
[2018.01.27-05.18.50:817][216]PIE: Play in editor start time for /Game/TopDownBP/Maps/UEDPIE_0_TopDownExampleMap 0.905
[2018.01.27-05.18.50:818][216]LogBlueprintUserMessages: Late PlayInEditor Detection: Level '/Game/TopDownBP/Maps/TopDownExampleMap.TopDownExampleMap:PersistentLevel' has LevelScriptBlueprint '/Game/TopDownBP/Maps/TopDownExampleMap.TopDownExampleMap:PersistentLevel.TopDownExampleMap' with GeneratedClass '/Game/TopDownBP/Maps/TopDownExampleMap.TopDownExampleMap_C' with ClassGeneratedBy '/Game/TopDownBP/Maps/TopDownExampleMap.TopDownExampleMap:PersistentLevel.TopDownExampleMap'
[2018.01.27-05.18.52:321][289]LogBlueprintUserMessages: Early EndPlayMap Detection: Level '/Game/TopDownBP/Maps/TopDownExampleMap.TopDownExampleMap:PersistentLevel' has LevelScriptBlueprint '/Game/TopDownBP/Maps/TopDownExampleMap.TopDownExampleMap:PersistentLevel.TopDownExampleMap' with GeneratedClass '/Game/TopDownBP/Maps/TopDownExampleMap.TopDownExampleMap_C' with ClassGeneratedBy '/Game/TopDownBP/Maps/TopDownExampleMap.TopDownExampleMap:PersistentLevel.TopDownExampleMap'
[2018.01.27-05.18.52:404][289]LogBlueprintUserMessages: Late EndPlayMap Detection: Level '/Game/TopDownBP/Maps/TopDownExampleMap.TopDownExampleMap:PersistentLevel' has LevelScriptBlueprint '/Game/TopDownBP/Maps/TopDownExampleMap.TopDownExampleMap:PersistentLevel.TopDownExampleMap' with GeneratedClass '/Game/TopDownBP/Maps/TopDownExampleMap.TopDownExampleMap_C' with ClassGeneratedBy '/Game/TopDownBP/Maps/TopDownExampleMap.TopDownExampleMap:PersistentLevel.TopDownExampleMap'
[2018.01.27-05.19.02:082][795]LogTemp: Repeating last play command: New Editor Window (PIE)
[2018.01.27-05.19.02:121][795]LogBlueprintUserMessages: Early PlayInEditor Detection: Level '/Game/TopDownBP/Maps/TopDownExampleMap.TopDownExampleMap:PersistentLevel' has LevelScriptBlueprint '/Game/TopDownBP/Maps/TopDownExampleMap.TopDownExampleMap:PersistentLevel.TopDownExampleMap' with GeneratedClass '/Game/TopDownBP/Maps/TopDownExampleMap.TopDownExampleMap_C' with ClassGeneratedBy '/Game/TopDownBP/Maps/TopDownExampleMap.TopDownExampleMap:PersistentLevel.TopDownExampleMap'
[2018.01.27-05.19.02:121][795]LogPlayLevel: PlayLevel: No blueprints needed recompiling
[2018.01.27-05.19.02:121][795]PIE: New page: PIE session: TopDownExampleMap (Jan 27, 2018, 9:19:02 PM)
[2018.01.27-05.19.02:122][795]LogPlayLevel: Creating play world package: /Game/TopDownBP/Maps/UEDPIE_0_TopDownExampleMap
[2018.01.27-05.19.02:148][795]LogPlayLevel: PIE: StaticDuplicateObject took: (0.026536s)
[2018.01.27-05.19.02:150][795]LogAIModule: Creating AISystem for world TopDownExampleMap
[2018.01.27-05.19.02:150][795]LogPlayLevel: PIE: World Init took: (0.001799s)
[2018.01.27-05.19.02:150][795]LogPlayLevel: PIE: Created PIE world by copying editor world from /Game/TopDownBP/Maps/TopDownExampleMap.TopDownExampleMap to /Game/TopDownBP/Maps/UEDPIE_0_TopDownExampleMap.TopDownExampleMap (0.028876s)
[2018.01.27-05.19.02:200][795]LogInit: XAudio2 using 'Speakers (Conexant SmartAudio HD)' : 2 channels at 44.1 kHz using 32 bits per sample (channel mask 0x3)
[2018.01.27-05.19.02:230][795]LogInit: FAudioDevice initialized.
[2018.01.27-05.19.02:322][795]LogLoad: Game class is 'TopDownGameMode_C'
[2018.01.27-05.19.02:326][795]LogWorld: Bringing World /Game/TopDownBP/Maps/UEDPIE_0_TopDownExampleMap.TopDownExampleMap up for play (max tick rate 60) at 2018.01.27-13.19.02
[2018.01.27-05.19.02:326][795]LogWorld: Bringing up level for play took: 0.003749
[2018.01.27-05.19.02:333][795]PIE: Play in editor start time for /Game/TopDownBP/Maps/UEDPIE_0_TopDownExampleMap 0.421
[2018.01.27-05.19.02:334][795]LogBlueprintUserMessages: Late PlayInEditor Detection: Level '/Game/TopDownBP/Maps/TopDownExampleMap.TopDownExampleMap:PersistentLevel' has LevelScriptBlueprint '/Game/TopDownBP/Maps/TopDownExampleMap.TopDownExampleMap:PersistentLevel.TopDownExampleMap' with GeneratedClass '/Game/TopDownBP/Maps/TopDownExampleMap.TopDownExampleMap_C' with ClassGeneratedBy '/Game/TopDownBP/Maps/TopDownExampleMap.TopDownExampleMap:PersistentLevel.TopDownExampleMap'
[2018.01.27-05.19.04:251][889]LogBlueprintUserMessages: Early EndPlayMap Detection: Level '/Game/TopDownBP/Maps/TopDownExampleMap.TopDownExampleMap:PersistentLevel' has LevelScriptBlueprint '/Game/TopDownBP/Maps/TopDownExampleMap.TopDownExampleMap:PersistentLevel.TopDownExampleMap' with GeneratedClass '/Game/TopDownBP/Maps/TopDownExampleMap.TopDownExampleMap_C' with ClassGeneratedBy '/Game/TopDownBP/Maps/TopDownExampleMap.TopDownExampleMap:PersistentLevel.TopDownExampleMap'
[2018.01.27-05.19.04:333][889]LogBlueprintUserMessages: Late EndPlayMap Detection: Level '/Game/TopDownBP/Maps/TopDownExampleMap.TopDownExampleMap:PersistentLevel' has LevelScriptBlueprint '/Game/TopDownBP/Maps/TopDownExampleMap.TopDownExampleMap:PersistentLevel.TopDownExampleMap' with GeneratedClass '/Game/TopDownBP/Maps/TopDownExampleMap.TopDownExampleMap_C' with ClassGeneratedBy '/Game/TopDownBP/Maps/TopDownExampleMap.TopDownExampleMap:PersistentLevel.TopDownExampleMap'
[2018.01.27-05.19.04:444][891]Cmd: SELECT NONE
[2018.01.27-05.19.14:139][447]BlueprintLog: New page: Compile FollowCam
[2018.01.27-05.19.15:148][476]Cmd: OBJ SAVEPACKAGE PACKAGE="/Game/FollowCam" FILE="../../../../../../Users/user/Desktop/AVB/Content/FollowCam.uasset" SILENT=true
[2018.01.27-05.19.15:200][476]LogSavePackage: Save=42.41ms
[2018.01.27-05.19.15:200][476]LogSavePackage: Moving '../../../../../../Users/user/Desktop/AVB/Saved/FollowCamCE24A1794364EB926E1D6CB04DA23D12.tmp' to '../../../../../../Users/user/Desktop/AVB/Content/FollowCam.uasset'
[2018.01.27-05.19.15:213][476]LogSavePackage: Display: Finished SavePackage ../../../../../../Users/user/Desktop/AVB/Content/FollowCam.uasset
[2018.01.27-05.19.17:603][579]LogSavePackage: Save=280.88ms
[2018.01.27-05.19.17:603][579]LogSavePackage: Moving '../../../../../../Users/user/Desktop/AVB/Saved/TopDownExampleMap3D1300384A8D88BCF49E28B977095BA3.tmp' to '../../../../../../Users/user/Desktop/AVB/Content/TopDownBP/Maps/TopDownExampleMap.umap'
[2018.01.27-05.19.17:613][579]LogSavePackage: Display: Finished SavePackage ../../../../../../Users/user/Desktop/AVB/Content/TopDownBP/Maps/TopDownExampleMap.umap
[2018.01.27-05.19.17:637][579]LogFileHelpers: Saving map 'TopDownExampleMap' took 0.532
