Log file open, 01/27/18 16:54:18
LogWindows: Failed to load 'aqProf.dll' (GetLastError=126)
LogWindows: File 'aqProf.dll' does not exist
LogWindows: Failed to load 'VtuneApi.dll' (GetLastError=126)
LogWindows: File 'VtuneApi.dll' does not exist
LogWindows: Failed to load 'VtuneApi32e.dll' (GetLastError=126)
LogWindows: File 'VtuneApi32e.dll' does not exist
LogInit: Display: Running engine for game: AVB
LogPlatformFile: Not using cached read wrapper
LogInit: Display: RandInit(-141440082) SRandInit(-141440082).
LogInit: Read version file with build ID '3709383'
LogInit: Overriding engine version to CL 3832480, compatible CL 3709383
LogInit: Registered custom module enumerator with build ID '3709383'
LogTaskGraph: Started task graph with 5 named threads and 14 total threads with 3 sets of task threads.
LogStats: Stats thread started at 0.181280
LogD3D11RHI: Aftermath initialized
LogModuleManager: Display: Found up-to-date module file ../../../Engine/Plugins/2D/Paper2D/Binaries/Win64/UE4Editor-Paper2D.dll (API version 3709383).
LogModuleManager: Display: Found up-to-date module file ../../../Engine/Plugins/2D/Paper2D/Binaries/Win64/UE4Editor-Paper2DEditor.dll (API version 3709383).
LogModuleManager: Display: Found up-to-date module file ../../../Engine/Plugins/2D/Paper2D/Binaries/Win64/UE4Editor-PaperSpriteSheetImporter.dll (API version 3709383).
LogModuleManager: Display: Found up-to-date module file ../../../Engine/Plugins/2D/Paper2D/Binaries/Win64/UE4Editor-PaperTiledImporter.dll (API version 3709383).
LogModuleManager: Display: Found up-to-date module file ../../../Engine/Plugins/2D/Paper2D/Binaries/Win64/UE4Editor-SmartSnapping.dll (API version 3709383).
LogModuleManager: Display: Found up-to-date module file ../../../Engine/Plugins/Blendables/LightPropagationVolume/Binaries/Win64/UE4Editor-LightPropagationVolumeRuntime.dll (API version 3709383).
LogModuleManager: Display: Found up-to-date module file ../../../Engine/Plugins/Blendables/LightPropagationVolume/Binaries/Win64/UE4Editor-LightPropagationVolumeEditor.dll (API version 3709383).
LogModuleManager: Display: Found up-to-date module file ../../../Engine/Plugins/Developer/GitSourceControl/Binaries/Win64/UE4Editor-GitSourceControl.dll (API version 3709383).
LogModuleManager: Display: Found up-to-date module file ../../../Engine/Plugins/Developer/PerforceSourceControl/Binaries/Win64/UE4Editor-PerforceSourceControl.dll (API version 3709383).
LogModuleManager: Display: Found up-to-date module file ../../../Engine/Plugins/Developer/SubversionSourceControl/Binaries/Win64/UE4Editor-SubversionSourceControl.dll (API version 3709383).
LogModuleManager: Display: Found up-to-date module file ../../../Engine/Plugins/Developer/UObjectPlugin/Binaries/Win64/UE4Editor-UObjectPlugin.dll (API version 3709383).
LogModuleManager: Display: Found up-to-date module file ../../../Engine/Plugins/Developer/VisualStudioCodeSourceCodeAccess/Binaries/Win64/UE4Editor-VisualStudioCodeSourceCodeAccess.dll (API version 3709383).
LogModuleManager: Display: Found up-to-date module file ../../../Engine/Plugins/Developer/VisualStudioSourceCodeAccess/Binaries/Win64/UE4Editor-VisualStudioSourceCodeAccess.dll (API version 3709383).
LogModuleManager: Display: Found up-to-date module file ../../../Engine/Plugins/Editor/AssetManagerEditor/Binaries/Win64/UE4Editor-AssetManagerEditor.dll (API version 3709383).
LogModuleManager: Display: Found up-to-date module file ../../../Engine/Plugins/Editor/AudioCapture/Binaries/Win64/UE4Editor-AudioCapture.dll (API version 3709383).
LogModuleManager: Display: Found up-to-date module file ../../../Engine/Plugins/Editor/FacialAnimation/Binaries/Win64/UE4Editor-FacialAnimation.dll (API version 3709383).
LogModuleManager: Display: Found up-to-date module file ../../../Engine/Plugins/Editor/FacialAnimation/Binaries/Win64/UE4Editor-FacialAnimationEditor.dll (API version 3709383).
LogModuleManager: Display: Found up-to-date module file ../../../Engine/Plugins/Editor/GameplayTagsEditor/Binaries/Win64/UE4Editor-GameplayTagsEditor.dll (API version 3709383).
LogModuleManager: Display: Found up-to-date module file ../../../Engine/Plugins/Editor/MobileLauncherProfileWizard/Binaries/Win64/UE4Editor-MobileLauncherProfileWizard.dll (API version 3709383).
LogModuleManager: Display: Found up-to-date module file ../../../Engine/Plugins/Editor/PluginBrowser/Binaries/Win64/UE4Editor-PluginBrowser.dll (API version 3709383).
LogModuleManager: Display: Found up-to-date module file ../../../Engine/Plugins/Editor/SpeedTreeImporter/Binaries/Win64/UE4Editor-SpeedTreeImporter.dll (API version 3709383).
LogModuleManager: Display: Found up-to-date module file ../../../Engine/Plugins/Experimental/AlembicImporter/Binaries/Win64/UE4Editor-AlembicImporter.dll (API version 3709383).
LogModuleManager: Display: Found up-to-date module file ../../../Engine/Plugins/Experimental/AlembicImporter/Binaries/Win64/UE4Editor-AlembicLibrary.dll (API version 3709383).
LogModuleManager: Display: Found up-to-date module file ../../../Engine/Plugins/Experimental/CharacterAI/Binaries/Win64/UE4Editor-CharacterAI.dll (API version 3709383).
LogModuleManager: Display: Found up-to-date module file ../../../Engine/Plugins/Experimental/HTML5Networking/Binaries/Win64/UE4Editor-HTML5Networking.dll (API version 3709383).
LogModuleManager: Display: Found up-to-date module file ../../../Engine/Plugins/Media/AndroidMedia/Binaries/Win64/UE4Editor-AndroidMediaEditor.dll (API version 3709383).
LogModuleManager: Display: Found up-to-date module file ../../../Engine/Plugins/Media/AndroidMedia/Binaries/Win64/UE4Editor-AndroidMediaFactory.dll (API version 3709383).
LogModuleManager: Display: Found up-to-date module file ../../../Engine/Plugins/Media/AvfMedia/Binaries/Win64/UE4Editor-AvfMediaEditor.dll (API version 3709383).
LogModuleManager: Display: Found up-to-date module file ../../../Engine/Plugins/Media/AvfMedia/Binaries/Win64/UE4Editor-AvfMediaFactory.dll (API version 3709383).
LogModuleManager: Display: Found up-to-date module file ../../../Engine/Plugins/Media/AvfMedia/Binaries/Win64/UE4Editor-AvfMediaFactory.dll (API version 3709383).
LogModuleManager: Display: Found up-to-date module file ../../../Engine/Plugins/Media/ImgMedia/Binaries/Win64/UE4Editor-ImgMedia.dll (API version 3709383).
LogModuleManager: Display: Found up-to-date module file ../../../Engine/Plugins/Media/ImgMedia/Binaries/Win64/UE4Editor-ImgMediaEditor.dll (API version 3709383).
LogModuleManager: Display: Found up-to-date module file ../../../Engine/Plugins/Media/ImgMedia/Binaries/Win64/UE4Editor-ImgMediaFactory.dll (API version 3709383).
LogModuleManager: Display: Found up-to-date module file ../../../Engine/Plugins/Media/ImgMedia/Binaries/Win64/UE4Editor-ImgMediaFactory.dll (API version 3709383).
LogModuleManager: Display: Found up-to-date module file ../../../Engine/Plugins/Media/ImgMedia/Binaries/Win64/UE4Editor-OpenExrWrapper.dll (API version 3709383).
LogModuleManager: Display: Found up-to-date module file ../../../Engine/Plugins/Media/MediaCompositing/Binaries/Win64/UE4Editor-MediaCompositing.dll (API version 3709383).
LogModuleManager: Display: Found up-to-date module file ../../../Engine/Plugins/Media/MediaCompositing/Binaries/Win64/UE4Editor-MediaCompositingEditor.dll (API version 3709383).
LogModuleManager: Display: Found up-to-date module file ../../../Engine/Plugins/Media/MediaPlayerEditor/Binaries/Win64/UE4Editor-MediaPlayerEditor.dll (API version 3709383).
LogModuleManager: Display: Found up-to-date module file ../../../Engine/Plugins/Media/WmfMedia/Binaries/Win64/UE4Editor-WmfMedia.dll (API version 3709383).
LogModuleManager: Display: Found up-to-date module file ../../../Engine/Plugins/Media/WmfMedia/Binaries/Win64/UE4Editor-WmfMediaEditor.dll (API version 3709383).
LogModuleManager: Display: Found up-to-date module file ../../../Engine/Plugins/Media/WmfMedia/Binaries/Win64/UE4Editor-WmfMediaFactory.dll (API version 3709383).
LogModuleManager: Display: Found up-to-date module file ../../../Engine/Plugins/Media/WmfMedia/Binaries/Win64/UE4Editor-WmfMediaFactory.dll (API version 3709383).
LogModuleManager: Display: Found up-to-date module file ../../../Engine/Plugins/Messaging/TcpMessaging/Binaries/Win64/UE4Editor-TcpMessaging.dll (API version 3709383).
LogModuleManager: Display: Found up-to-date module file ../../../Engine/Plugins/Messaging/UdpMessaging/Binaries/Win64/UE4Editor-UdpMessaging.dll (API version 3709383).
LogModuleManager: Display: Found up-to-date module file ../../../Engine/Plugins/MovieScene/ActorSequence/Binaries/Win64/UE4Editor-ActorSequence.dll (API version 3709383).
LogModuleManager: Display: Found up-to-date module file ../../../Engine/Plugins/MovieScene/LevelSequenceEditor/Binaries/Win64/UE4Editor-LevelSequenceEditor.dll (API version 3709383).
LogModuleManager: Display: Found up-to-date module file ../../../Engine/Plugins/MovieScene/MatineeToLevelSequence/Binaries/Win64/UE4Editor-MatineeToLevelSequence.dll (API version 3709383).
LogModuleManager: Display: Found up-to-date module file ../../../Engine/Plugins/Online/OnlineSubsystem/Binaries/Win64/UE4Editor-OnlineSubsystem.dll (API version 3709383).
LogModuleManager: Display: Found up-to-date module file ../../../Engine/Plugins/Runtime/AndroidPermission/Binaries/Win64/UE4Editor-AndroidPermission.dll (API version 3709383).
LogModuleManager: Display: Found up-to-date module file ../../../Engine/Plugins/Online/OnlineSubsystemNull/Binaries/Win64/UE4Editor-OnlineSubsystemNull.dll (API version 3709383).
LogModuleManager: Display: Found up-to-date module file ../../../Engine/Plugins/Online/OnlineSubsystemUtils/Binaries/Win64/UE4Editor-OnlineSubsystemUtils.dll (API version 3709383).
LogModuleManager: Display: Found up-to-date module file ../../../Engine/Plugins/Online/OnlineSubsystemUtils/Binaries/Win64/UE4Editor-OnlineBlueprintSupport.dll (API version 3709383).
LogModuleManager: Display: Found up-to-date module file ../../../Engine/Plugins/Runtime/AndroidDeviceProfileSelector/Binaries/Win64/UE4Editor-AndroidDeviceProfileSelector.dll (API version 3709383).
LogModuleManager: Display: Found up-to-date module file ../../../Engine/Plugins/Runtime/AppleARKit/Binaries/Win64/UE4Editor-AppleARKit.dll (API version 3709383).
LogModuleManager: Display: Found up-to-date module file ../../../Engine/Plugins/Runtime/ArchVisCharacter/Binaries/Win64/UE4Editor-ArchVisCharacter.dll (API version 3709383).
LogModuleManager: Display: Found up-to-date module file ../../../Engine/Plugins/Runtime/CableComponent/Binaries/Win64/UE4Editor-CableComponent.dll (API version 3709383).
LogModuleManager: Display: Found up-to-date module file ../../../Engine/Plugins/Runtime/CustomMeshComponent/Binaries/Win64/UE4Editor-CustomMeshComponent.dll (API version 3709383).
LogModuleManager: Display: Found up-to-date module file ../../../Engine/Plugins/Runtime/ExampleDeviceProfileSelector/Binaries/Win64/UE4Editor-ExampleDeviceProfileSelector.dll (API version 3709383).
LogModuleManager: Display: Found up-to-date module file ../../../Engine/Plugins/Runtime/ImmediatePhysics/Binaries/Win64/UE4Editor-ImmediatePhysics.dll (API version 3709383).
LogModuleManager: Display: Found up-to-date module file ../../../Engine/Plugins/Runtime/ImmediatePhysics/Binaries/Win64/UE4Editor-ImmediatePhysicsEditor.dll (API version 3709383).
LogModuleManager: Display: Found up-to-date module file ../../../Engine/Plugins/Runtime/LocationServicesBPLibrary/Binaries/Win64/UE4Editor-LocationServicesBPLibrary.dll (API version 3709383).
LogModuleManager: Display: Found up-to-date module file ../../../Engine/Plugins/Runtime/MobilePatchingUtils/Binaries/Win64/UE4Editor-MobilePatchingUtils.dll (API version 3709383).
LogModuleManager: Display: Found up-to-date module file ../../../Engine/Plugins/Runtime/Oculus/OculusVR/Binaries/Win64/UE4Editor-OculusHMD.dll (API version 3709383).
LogModuleManager: Display: Found up-to-date module file ../../../Engine/Plugins/Runtime/Oculus/OculusVR/Binaries/Win64/UE4Editor-OculusInput.dll (API version 3709383).
LogModuleManager: Display: Found up-to-date module file ../../../Engine/Plugins/Runtime/Oculus/OculusVR/Binaries/Win64/UE4Editor-OculusEditor.dll (API version 3709383).
LogModuleManager: Display: Found up-to-date module file ../../../Engine/Plugins/Runtime/PhysXVehicles/Binaries/Win64/UE4Editor-PhysXVehicles.dll (API version 3709383).
LogModuleManager: Display: Found up-to-date module file ../../../Engine/Plugins/Runtime/PhysXVehicles/Binaries/Win64/UE4Editor-PhysXVehiclesEditor.dll (API version 3709383).
LogModuleManager: Display: Found up-to-date module file ../../../Engine/Plugins/Runtime/ProceduralMeshComponent/Binaries/Win64/UE4Editor-ProceduralMeshComponent.dll (API version 3709383).
LogModuleManager: Display: Found up-to-date module file ../../../Engine/Plugins/Runtime/ProceduralMeshComponent/Binaries/Win64/UE4Editor-ProceduralMeshComponentEditor.dll (API version 3709383).
LogModuleManager: Display: Found up-to-date module file ../../../Engine/Plugins/Runtime/RuntimePhysXCooking/Binaries/Win64/UE4Editor-RuntimePhysXCooking.dll (API version 3709383).
LogModuleManager: Display: Found up-to-date module file ../../../Engine/Plugins/Runtime/Steam/SteamVR/Binaries/Win64/UE4Editor-SteamVR.dll (API version 3709383).
LogModuleManager: Display: Found up-to-date module file ../../../Engine/Plugins/Runtime/Steam/SteamVR/Binaries/Win64/UE4Editor-SteamVRController.dll (API version 3709383).
LogModuleManager: Display: Found up-to-date module file ../../../Engine/Plugins/Runtime/WindowsMoviePlayer/Binaries/Win64/UE4Editor-WindowsMoviePlayer.dll (API version 3709383).
LogPluginManager: Mounting plugin Paper2D
LogPluginManager: Mounting plugin LightPropagationVolume
LogPluginManager: Mounting plugin CodeLiteSourceCodeAccess
LogPluginManager: Mounting plugin GitSourceControl
LogPluginManager: Mounting plugin KDevelopSourceCodeAccess
LogPluginManager: Mounting plugin NullSourceCodeAccess
LogPluginManager: Mounting plugin PerforceSourceControl
LogPluginManager: Mounting plugin SubversionSourceControl
LogPluginManager: Mounting plugin UObjectPlugin
LogPluginManager: Mounting plugin VisualStudioCodeSourceCodeAccess
LogPluginManager: Mounting plugin VisualStudioSourceCodeAccess
LogPluginManager: Mounting plugin XCodeSourceCodeAccess
LogPluginManager: Mounting plugin AssetManagerEditor
LogPluginManager: Mounting plugin AudioCapture
LogPluginManager: Mounting plugin FacialAnimation
LogPluginManager: Mounting plugin GameplayTagsEditor
LogPluginManager: Mounting plugin MobileLauncherProfileWizard
LogPluginManager: Mounting plugin PluginBrowser
LogPluginManager: Mounting plugin SpeedTreeImporter
LogPluginManager: Mounting plugin AlembicImporter
LogPluginManager: Mounting plugin CharacterAI
LogPluginManager: Mounting plugin HTML5Networking
LogPluginManager: Mounting plugin AndroidMedia
LogPluginManager: Mounting plugin AvfMedia
LogPluginManager: Mounting plugin ImgMedia
LogPluginManager: Mounting plugin MediaCompositing
LogPluginManager: Mounting plugin MediaPlayerEditor
LogPluginManager: Mounting plugin WmfMedia
LogPluginManager: Mounting plugin TcpMessaging
LogPluginManager: Mounting plugin UdpMessaging
LogPluginManager: Mounting plugin ActorSequence
LogPluginManager: Mounting plugin LevelSequenceEditor
LogPluginManager: Mounting plugin MatineeToLevelSequence
LogPluginManager: Mounting plugin OnlineSubsystemGooglePlay
LogPluginManager: Mounting plugin OnlineSubsystemIOS
LogPluginManager: Mounting plugin OnlineSubsystem
LogPluginManager: Mounting plugin OnlineSubsystemNull
LogPluginManager: Mounting plugin OnlineSubsystemUtils
LogPluginManager: Mounting plugin AndroidDeviceProfileSelector
LogPluginManager: Mounting plugin AndroidMoviePlayer
LogPluginManager: Mounting plugin AndroidPermission
LogPluginManager: Mounting plugin AppleARKit
LogPluginManager: Mounting plugin AppleMoviePlayer
LogPluginManager: Mounting plugin ArchVisCharacter
LogPluginManager: Mounting plugin CableComponent
LogPluginManager: Mounting plugin CustomMeshComponent
LogPluginManager: Mounting plugin ExampleDeviceProfileSelector
LogPluginManager: Mounting plugin GoogleCloudMessaging
LogPluginManager: Mounting plugin ImmediatePhysics
LogPluginManager: Mounting plugin IOSDeviceProfileSelector
LogPluginManager: Mounting plugin LinuxDeviceProfileSelector
LogPluginManager: Mounting plugin LocationServicesBPLibrary
LogPluginManager: Mounting plugin MobilePatchingUtils
LogPluginManager: Mounting plugin OculusVR
LogPluginManager: Plugin shader directory ../../../Engine/Plugins/Runtime/Oculus/OculusVR/Shaders found
LogPluginManager: Mapping shader source directory ../../../Engine/Plugins/Runtime/Oculus/OculusVR/Shaders to virtual directory /Plugin/OculusVR
LogPluginManager: Mounting plugin PhysXVehicles
LogPluginManager: Mounting plugin ProceduralMeshComponent
LogPluginManager: Mounting plugin RuntimePhysXCooking
LogPluginManager: Mounting plugin SteamVR
LogPluginManager: Mounting plugin WindowsMoviePlayer
LogInit: Using libcurl 7.47.1
LogInit:  - built for x86_64-pc-win32
LogInit:  - supports SSL with OpenSSL/1.0.2g
LogInit:  - supports HTTP deflate (compression) using libz 1.2.8
LogInit:  - other features:
LogInit:      CURL_VERSION_SSL
LogInit:      CURL_VERSION_LIBZ
LogInit:      CURL_VERSION_IPV6
LogInit:      CURL_VERSION_ASYNCHDNS
LogInit:      CURL_VERSION_LARGEFILE
LogInit:      CURL_VERSION_IDN
LogInit:  CurlRequestOptions (configurable via config and command line):
LogInit:  - bVerifyPeer = false  - Libcurl will NOT verify peer certificate
LogInit:  - bUseHttpProxy = false  - Libcurl will NOT use HTTP proxy
LogInit:  - bDontReuseConnections = false  - Libcurl will reuse connections
LogInit:  - CertBundlePath = nullptr  - Libcurl will use whatever was configured at build time.
LogInit: Build: ++UE4+Release-4.18-CL-3832480
LogInit: Engine Version: 4.18.3-3832480+++UE4+Release-4.18
LogInit: Compatible Engine Version: 4.18.0-3709383+++UE4+Release-4.18
LogInit: Net CL: 3709383
LogDevObjectVersion: Number of dev versions registered: 16
LogDevObjectVersion:   Dev-Blueprints (B0D832E4-1F89-4F0D-ACCF-7EB736FD4AA2): 10
LogDevObjectVersion:   Dev-Build (E1C64328-A22C-4D53-A36C-8E866417BD8C): 0
LogDevObjectVersion:   Dev-Core (375EC13C-06E4-48FB-B500-84F0262A717E): 2
LogDevObjectVersion:   Dev-Editor (E4B068ED-F494-42E9-A231-DA0B2E46BB41): 20
LogDevObjectVersion:   Dev-Framework (CFFC743F-43B0-4480-9391-14DF171D2073): 30
LogDevObjectVersion:   Dev-Mobile (B02B49B5-BB20-44E9-A304-32B752E40360): 0
LogDevObjectVersion:   Dev-Networking (A4E4105C-59A1-49B5-A7C5-40C4547EDFEE): 0
LogDevObjectVersion:   Dev-Online (39C831C9-5AE6-47DC-9A44-9C173E1C8E7C): 0
LogDevObjectVersion:   Dev-Physics (78F01B33-EBEA-4F98-B9B4-84EACCB95AA2): 0
LogDevObjectVersion:   Dev-Platform (6631380F-2D4D-43E0-8009-CF276956A95A): 0
LogDevObjectVersion:   Dev-Rendering (12F88B9F-8875-4AFC-A67C-D90C383ABD29): 20
LogDevObjectVersion:   Dev-Sequencer (7B5AE74C-D270-4C10-A958-57980B212A5A): 4
LogDevObjectVersion:   Dev-VR (D7296918-1DD6-4BDD-9DE2-64A83CC13884): 0
LogDevObjectVersion:   Dev-LoadTimes (C2A15278-BFE7-4AFE-6C17-90FF531DF755): 1
LogDevObjectVersion:   Private-Geometry (6EACA3D4-40EC-4CC1-B786-8BED09428FC5): 1
LogDevObjectVersion:   Dev-AnimPhys (29E575DD-E0A3-4627-9D10-D276232CDCEA): 12
LogInit: Compiled (64-bit): Jan 12 2018 02:04:55
LogInit: Compiled with Visual C++: 19.00.24215.01
LogInit: Build Configuration: Development
LogInit: Branch Name: ++UE4+Release-4.18
LogInit: Command line:  
LogInit: Base directory: C:/Program Files/Epic Games/UE_4.18/Engine/Binaries/Win64/
LogInit: Installed Engine Build: 1
LogInit: Presizing for max 8388607 objects, including 0 objects not considered by GC, pre-allocating 0 bytes for permanent pool.
LogInit: Object subsystem initialized
[2018.01.27-08.54.20:081][  0]LogInit: Selected Device Profile: [Windows]
[2018.01.27-08.54.20:081][  0]LogInit: Applying CVar settings loaded from the selected device profile: [Windows]
[2018.01.27-08.54.20:091][  0]LogInit: Computer: LENOVO-PC
[2018.01.27-08.54.20:091][  0]LogInit: User: n
[2018.01.27-08.54.20:091][  0]LogInit: CPU Page size=4096, Cores=4
[2018.01.27-08.54.20:091][  0]LogInit: High frequency timer resolution =2.435776 MHz
[2018.01.27-08.54.20:091][  0]LogMemory: Memory total: Physical=15.9GB (16GB approx)
[2018.01.27-08.54.20:091][  0]LogMemory: Platform Memory Stats for Windows
[2018.01.27-08.54.20:091][  0]LogMemory: Process Physical Memory: 272.29 MB used, 272.29 MB peak
[2018.01.27-08.54.20:091][  0]LogMemory: Process Virtual Memory: 269.72 MB used, 269.72 MB peak
[2018.01.27-08.54.20:091][  0]LogMemory: Physical Memory: 4764.97 MB used,  11531.30 MB free, 16296.27 MB total
[2018.01.27-08.54.20:091][  0]LogMemory: Virtual Memory: 644.31 MB used,  11531.30 MB free, 134217728.00 MB total
[2018.01.27-08.54.20:962][  0]LogInit: Using OS detected language (en-US).
[2018.01.27-08.54.20:962][  0]LogInit: Using OS detected locale (en-US).
[2018.01.27-08.54.20:965][  0]LogTextLocalizationManager: No specific localization for 'en-US' exists, so the 'en' localization will be used.
[2018.01.27-08.54.21:467][  0]LogInit: Setting process to per monitor DPI aware
[2018.01.27-08.54.21:748][  0]LogD3D11RHI: D3D11 adapters:
[2018.01.27-08.54.21:788][  0]LogD3D11RHI:    0. 'NVIDIA GeForce GTX 960M' (Feature Level 11_0)
[2018.01.27-08.54.21:788][  0]LogD3D11RHI:       4065/0/8148 MB DedicatedVideo/DedicatedSystem/SharedSystem, Outputs:1, VendorId:0x10de
[2018.01.27-08.54.21:793][  0]LogD3D11RHI:    1. 'Intel(R) HD Graphics 4600' (Feature Level 11_0)
[2018.01.27-08.54.21:793][  0]LogD3D11RHI:       112/0/2048 MB DedicatedVideo/DedicatedSystem/SharedSystem, Outputs:0, VendorId:0x8086
[2018.01.27-08.54.21:795][  0]LogD3D11RHI:    2. 'Microsoft Basic Render Driver' (Feature Level 11_0)
[2018.01.27-08.54.21:795][  0]LogD3D11RHI:       0/0/8148 MB DedicatedVideo/DedicatedSystem/SharedSystem, Outputs:0, VendorId:0x1414
[2018.01.27-08.54.21:795][  0]LogD3D11RHI: Chosen D3D11 Adapter: 0
[2018.01.27-08.54.21:801][  0]LogD3D11RHI: Creating new Direct3DDevice
[2018.01.27-08.54.21:801][  0]LogD3D11RHI:     GPU DeviceId: 0x139b (for the marketing name, search the web for "GPU Device Id")
[2018.01.27-08.54.21:801][  0]LogWindows: EnumDisplayDevices:
[2018.01.27-08.54.21:801][  0]LogWindows:    0. 'Intel(R) HD Graphics 4600' (P:1 D:1)
[2018.01.27-08.54.21:802][  0]LogWindows:    1. 'Intel(R) HD Graphics 4600' (P:0 D:0)
[2018.01.27-08.54.21:802][  0]LogWindows:    2. 'Intel(R) HD Graphics 4600' (P:0 D:0)
[2018.01.27-08.54.21:802][  0]LogWindows: DebugString: PrimaryIsNotTheChoosenAdapter PrimaryIsNotTheChoosenAdapter PrimaryIsNotTheChoosenAdapter FoundDriverCount:0 
[2018.01.27-08.54.21:802][  0]LogD3D11RHI:     Adapter Name: NVIDIA GeForce GTX 960M
[2018.01.27-08.54.21:802][  0]LogD3D11RHI:   Driver Version: Unknown (internal:Unknown, unified:Unknown)
[2018.01.27-08.54.21:802][  0]LogD3D11RHI:      Driver Date: Unknown
[2018.01.27-08.54.21:802][  0]LogRHI: Texture pool is 2846 MB (70% of 4065 MB)
[2018.01.27-08.54.21:830][  0]LogD3D11RHI: Async texture creation enabled
[2018.01.27-08.54.21:842][  0]LogD3D11RHI: GPU Timing Frequency: 1000.000000 (Debug: 2 1)
[2018.01.27-08.54.21:843][  0]LogShaderCompilers: Guid format shader working directory is -31 characters bigger than the processId version (../../../../../../Users/n/Documents/AVB/AlienViralBeatdown/Intermediate/Shaders/WorkingDirectory/4232/).
[2018.01.27-08.54.21:843][  0]LogShaderCompilers: Cleaned the shader compiler working directory 'D:/VIRTUAL_RAM/UnrealShaderWorkingDir/A6CF9BA449AD9707CE5C958B466B00F1/'.
[2018.01.27-08.54.21:843][  0]LogShaderCompilers: Display: Using Local Shader Compiler.
[2018.01.27-08.54.23:006][  0]LogTemp: Display: Loaded TP AllDesktopTargetPlatform
[2018.01.27-08.54.23:068][  0]LogTemp: Display: Loaded TP MacClientTargetPlatform
[2018.01.27-08.54.23:128][  0]LogTemp: Display: Loaded TP MacNoEditorTargetPlatform
[2018.01.27-08.54.23:189][  0]LogTemp: Display: Loaded TP MacServerTargetPlatform
[2018.01.27-08.54.23:250][  0]LogTemp: Display: Loaded TP MacTargetPlatform
[2018.01.27-08.54.23:311][  0]LogTemp: Display: Loaded TP WindowsClientTargetPlatform
[2018.01.27-08.54.23:371][  0]LogTemp: Display: Loaded TP WindowsNoEditorTargetPlatform
[2018.01.27-08.54.23:432][  0]LogTemp: Display: Loaded TP WindowsServerTargetPlatform
[2018.01.27-08.54.23:483][  0]LogTemp: Display: Loaded TP WindowsTargetPlatform
[2018.01.27-08.54.23:542][  0]LogTemp: Display: Loaded TP Android_ASTCTargetPlatform
[2018.01.27-08.54.23:601][  0]LogTemp: Display: Loaded TP Android_ATCTargetPlatform
[2018.01.27-08.54.23:669][  0]LogTemp: Display: Loaded TP Android_DXTTargetPlatform
[2018.01.27-08.54.23:729][  0]LogTemp: Display: Loaded TP Android_ETC1TargetPlatform
[2018.01.27-08.54.23:788][  0]LogTemp: Display: Loaded TP Android_ETC2TargetPlatform
[2018.01.27-08.54.23:903][  0]LogTemp: Display: Loaded TP Android_MultiTargetPlatform
[2018.01.27-08.54.23:903][  0]LogTemp: Display: Loaded TP Android_PVRTCTargetPlatform
[2018.01.27-08.54.23:962][  0]LogTemp: Display: Loaded TP AndroidTargetPlatform
[2018.01.27-08.54.24:005][  0]LogTemp: Display: Loaded TP HTML5TargetPlatform
[2018.01.27-08.54.24:106][  0]LogTemp: Display: Loaded TP IOSTargetPlatform
[2018.01.27-08.54.24:139][  0]LogTemp: Display: Loaded TP TVOSTargetPlatform
[2018.01.27-08.54.24:198][  0]LogTemp: Display: Loaded TP LinuxClientTargetPlatform
[2018.01.27-08.54.24:256][  0]LogTemp: Display: Loaded TP LinuxNoEditorTargetPlatform
[2018.01.27-08.54.24:314][  0]LogTemp: Display: Loaded TP LinuxServerTargetPlatform
[2018.01.27-08.54.24:373][  0]LogTemp: Display: Loaded TP LinuxTargetPlatform
[2018.01.27-08.54.24:373][  0]LogTargetPlatformManager: Display: Building Assets For Windows
[2018.01.27-08.54.24:907][  0]LogDerivedDataCache: Display: Max Cache Size: 512 MB
[2018.01.27-08.54.25:007][  0]LogDerivedDataCache: Loaded boot cache 0.10s 78MB C:/Users/n/AppData/Local/UnrealEngine/4.18/DerivedDataCache/Boot.ddc.
[2018.01.27-08.54.25:007][  0]LogDerivedDataCache: Display: Loaded Boot cache: C:/Users/n/AppData/Local/UnrealEngine/4.18/DerivedDataCache/Boot.ddc
[2018.01.27-08.54.25:007][  0]LogDerivedDataCache: FDerivedDataBackendGraph:  Pak pak cache file ../../../../../../Users/n/Documents/AVB/AlienViralBeatdown/DerivedDataCache/DDC.ddp not found, will not use a pak cache.
[2018.01.27-08.54.25:007][  0]LogDerivedDataCache: Unable to find inner node Pak for hierarchical cache Hierarchy.
[2018.01.27-08.54.25:007][  0]LogDerivedDataCache: FDerivedDataBackendGraph:  CompressedPak pak cache file ../../../../../../Users/n/Documents/AVB/AlienViralBeatdown/DerivedDataCache/Compressed.ddp not found, will not use a pak cache.
[2018.01.27-08.54.25:007][  0]LogDerivedDataCache: Unable to find inner node CompressedPak for hierarchical cache Hierarchy.
[2018.01.27-08.54.25:029][  0]LogDerivedDataCache: Display: Pak cache opened for reading ../../../Engine/DerivedDataCache/Compressed.ddp.
[2018.01.27-08.54.25:040][  0]LogDerivedDataCache: Using Local data cache path C:/Users/n/AppData/Local/UnrealEngine/Common/DerivedDataCache: Writable
[2018.01.27-08.54.25:054][  0]LogMaterial: Verifying Global Shaders for PCD3D_SM5
[2018.01.27-08.54.25:054][  0]LogSlate: Using Freetype 2.6.0
[2018.01.27-08.54.25:055][  0]LogSlate: SlateFontCache - WITH_FREETYPE: 1, WITH_HARFBUZZ: 1
[2018.01.27-08.54.25:055][  0]LogSlate: SlateFontCache - WITH_FREETYPE: 1, WITH_HARFBUZZ: 1
[2018.01.27-08.54.25:501][  0]LogInit: Selected Device Profile: [Windows]
[2018.01.27-08.54.25:889][  0]LogSimplygon: Simplygon DLL not present - disabling.
[2018.01.27-08.54.25:934][  0]LogMeshReduction: Using SimplygonSwarm for distributed automatic mesh merging
[2018.01.27-08.54.25:934][  0]LogMeshReduction: Using QuadricMeshReduction for automatic static mesh reduction
[2018.01.27-08.54.25:934][  0]LogMeshReduction: No automatic skeletal mesh reduction module available
[2018.01.27-08.54.25:934][  0]LogMeshReduction: No automatic mesh merging module available
[2018.01.27-08.54.25:934][  0]LogMeshMerging: No automatic mesh merging module available
[2018.01.27-08.54.25:967][  0]LogNetVersion: AVB , NetCL: 3709383, EngineNetVer: 2, GameNetVer: 0 (Checksum: 4185562491)
[2018.01.27-08.54.26:163][  0]LogAssetRegistry: FAssetRegistry took 0.0268 seconds to start up
[2018.01.27-08.54.26:752][  0]LogPackageLocalizationCache: Processed 7 localized package path(s) for 2 prioritized culture(s) in 0.049956 seconds
[2018.01.27-08.54.26:758][  0]LogUObjectArray: 35870 objects as part of root set at end of initial load.
[2018.01.27-08.54.26:758][  0]LogUObjectAllocator: 7363696 out of 0 bytes used by permanent object pool.
[2018.01.27-08.54.26:758][  0]LogUObjectArray: CloseDisregardForGC: 0/0 objects in disregard for GC pool
[2018.01.27-08.54.26:824][  0]LogInit: WinSock: version 1.1 (2.2), MaxSocks=32767, MaxUdp=65467
[2018.01.27-08.54.30:065][  0]LogTcpMessaging: Initializing TcpMessaging bridge
[2018.01.27-08.54.30:114][  0]LogUdpMessaging: Initializing bridge on interface 0.0.0.0:0 to multicast group 230.0.0.1:6666.
[2018.01.27-08.54.30:956][  0]LogMaterial: Uniform references updated for custom material expression Custom.
[2018.01.27-08.54.31:478][  0]SourceControl: Source control is disabled
[2018.01.27-08.54.31:478][  0]SourceControl: Source control is disabled
[2018.01.27-08.54.31:539][  0]SourceControl: Source control is disabled
[2018.01.27-08.54.31:604][  0]SourceControl: Source control is disabled
[2018.01.27-08.54.32:549][  0]LogAndroidPermission: UAndroidPermissionCallbackProxy::GetInstance
[2018.01.27-08.54.32:932][  0]LogOcInput: OculusInput pre-init called
[2018.01.27-08.54.33:272][  0]LogEngine: Initializing Engine...
[2018.01.27-08.54.33:275][  0]LogHMD: Failed to initialize OpenVR with code 110
[2018.01.27-08.54.33:547][  0]LogStats: UGameplayTagsManager::ConstructGameplayTagTree: Construct from data asset -  0.000 s
[2018.01.27-08.54.33:547][  0]LogStats: UGameplayTagsManager::ConstructGameplayTagTree: GameplayTagTreeChangedEvent.Broadcast -  0.000 s
[2018.01.27-08.54.33:721][  0]LogAIModule: Creating AISystem for world Untitled
[2018.01.27-08.54.33:731][  0]LogInit: XAudio2 using 'スピーカー (Realtek High Definition Audio)' : 2 channels at 48 kHz using 16 bits per sample (channel mask 0x3)
[2018.01.27-08.54.33:757][  0]LogInit: FAudioDevice initialized.
[2018.01.27-08.54.34:085][  0]LogDerivedDataCache: Saved boot cache 0.33s 78MB C:/Users/n/AppData/Local/UnrealEngine/4.18/DerivedDataCache/Boot.ddc.
[2018.01.27-08.54.34:098][  0]LogInit: Texture streaming: Enabled
[2018.01.27-08.54.34:221][  0]LogEngineSessionManager: EngineSessionManager initialized
[2018.01.27-08.54.34:372][  0]LogInit: Transaction tracking system initialized
[2018.01.27-08.54.34:740][  0]BlueprintLog: New page: Editor Load
[2018.01.27-08.54.35:772][  0]LocalizationService: Localization service is disabled
[2018.01.27-08.54.36:634][  0]LogConsoleResponse: Display: 
[2018.01.27-08.54.36:856][  0]LogCook: Display: Max memory allowance for cook 16384mb min free memory 0mb
[2018.01.27-08.54.36:857][  0]LogCook: Display: Mobile HDR setting 1
[2018.01.27-08.54.36:857][  0]LogGameplayTags: Display: UGameplayTagsManager::DoneAddingNativeTags. DelegateIsBound: 0
[2018.01.27-08.54.37:742][  0]LogFileCache: Scanning file cache for directory 'C:/Users/n/Documents/AVB/AlienViralBeatdown/Content/' took 0.01s
[2018.01.27-08.54.38:289][  0]SourceControl: Source control is disabled
[2018.01.27-08.54.38:289][  0]Cmd: MAP LOAD FILE="../../../../../../Users/n/Documents/AVB/AlienViralBeatdown/Content/TopDownBP/Maps/TopDownExampleMap.umap" TEMPLATE=0 SHOWPROGRESS=1 FEATURELEVEL=3
[2018.01.27-08.54.38:290][  0]LightingResults: New page: Lighting Build
[2018.01.27-08.54.38:337][  0]MapCheck: New page: Map Check
[2018.01.27-08.54.38:337][  0]LightingResults: New page: Lighting Build
[2018.01.27-08.54.39:167][  0]LogAIModule: Creating AISystem for world TopDownExampleMap
[2018.01.27-08.54.39:178][  0]LogEditorServer: Finished looking for orphan Actors (0.000 secs)
[2018.01.27-08.54.39:199][  0]Cmd: MAP CHECKDEP NOCLEARLOG
[2018.01.27-08.54.39:268][  0]MapCheck: Map check complete: 0 Error(s), 0 Warning(s), took 69.153ms to complete.
[2018.01.27-08.54.39:268][  0]LogFileHelpers: Loading map 'TopDownExampleMap' took 0.979
[2018.01.27-08.54.39:331][  0]LogWindowsTextInputMethodSystem: Display: IME system now activated using TSF (Microsoft IME).
[2018.01.27-08.54.39:437][  0]LogCollectionManager: Loaded 0 collections in 0.002296 seconds
[2018.01.27-08.54.39:521][  0]LogFileCache: Scanning file cache for directory 'C:/Users/n/Documents/AVB/AlienViralBeatdown/Saved/Collections/' took 0.01s
[2018.01.27-08.54.39:521][  0]LogFileCache: Scanning file cache for directory 'C:/Users/n/Documents/AVB/AlienViralBeatdown/Content/Developers/n/Collections/' took 0.01s
[2018.01.27-08.54.39:521][  0]LogFileCache: Scanning file cache for directory 'C:/Users/n/Documents/AVB/AlienViralBeatdown/Content/Collections/' took 0.01s
[2018.01.27-08.54.39:521][  0]LogCollectionManager: Rebuilt the GUID cache for 0 collections in 0.000000 seconds
[2018.01.27-08.54.39:532][  0]LogContentBrowser: Native class hierarchy populated in 0.0104 seconds. Added 2363 classes and 519 folders.
[2018.01.27-08.54.39:606][  0]LogContentBrowser: Native class hierarchy updated for 'WidgetCarousel' in 0.0003 seconds. Added 0 classes and 0 folders.
[2018.01.27-08.54.39:651][  0]LogContentBrowser: Native class hierarchy updated for 'AddContentDialog' in 0.0003 seconds. Added 0 classes and 0 folders.
[2018.01.27-08.54.39:700][  0]LogContentBrowser: Native class hierarchy updated for 'SceneOutliner' in 0.0003 seconds. Added 1 classes and 2 folders.
[2018.01.27-08.54.41:061][  0]LogSlate: Only BGRA pngs, bmps or icos are supported in by External Image Picker
[2018.01.27-08.54.41:086][  0]LogSlate: Took 0.000250 seconds to synchronously load lazily loaded font '../../../Engine/Content/Slate/Fonts/Roboto-Regular.ttf' (155K)
[2018.01.27-08.54.41:090][  0]LogSlate: Took 0.000248 seconds to synchronously load lazily loaded font '../../../Engine/Content/Slate/Fonts/Roboto-Bold.ttf' (160K)
[2018.01.27-08.54.41:099][  0]LogSlate: Took 0.000365 seconds to synchronously load lazily loaded font '../../../Engine/Content/Editor/Slate/Fonts/FontAwesome.ttf' (139K)
[2018.01.27-08.54.41:271][  0]LogTemp: Executing iPhonePackager certificates Engine -bundlename com.YourCompany.AVB
[2018.01.27-08.54.41:271][  0]LogTemp: CWD: C:\Program Files\Epic Games\UE_4.18\Engine\Binaries\DotNET\IOS
[2018.01.27-08.54.41:271][  0]LogTemp: Initial Dir: C:\Program Files\Epic Games\UE_4.18
[2018.01.27-08.54.41:271][  0]LogTemp: Env CWD: C:\Program Files\Epic Games\UE_4.18\Engine\Binaries\DotNET\IOS
[2018.01.27-08.54.41:271][  0]LogTemp: BranchPath = LENOVO-PC/C/Program Files/Epic Games/UE_4.18/Engine/Binaries --- GameBranchPath = LENOVO-PC/C/Program Files/Epic Games/UE_4.18/Engine/Binaries
[2018.01.27-08.54.41:271][  0]LogTemp: IPP ERROR: Could not find provision directory 'C:\Users\n\AppData\Local/Apple Computer/MobileDevice/Provisioning Profiles/'.
[2018.01.27-08.54.41:271][  0]LogRenderer: Reallocating scene render targets to support 824x372 Format 10 NumSamples 1 (Frame:1).
[2018.01.27-08.54.41:483][  0]LogContentBrowser: Native class hierarchy updated for 'HierarchicalLODOutliner' in 0.0003 seconds. Added 1 classes and 2 folders.
[2018.01.27-08.54.41:484][  0]LogLoad: (Engine Initialization) Total time: 24.38 seconds
[2018.01.27-08.54.41:484][  0]LogLoad: (Engine Initialization) Total Blueprint compile time: 0.00 seconds
[2018.01.27-08.54.41:484][  0]LogExternalProfiler: Found external profiler: VSPerf
[2018.01.27-08.54.41:484][  0]LogExternalProfiler: Using external profiler: VSPerf
[2018.01.27-08.54.41:533][  0]LogContentStreaming: Texture pool size now 1000 MB
[2018.01.27-08.54.41:592][  0]LogSlate: Took 0.000197 seconds to synchronously load lazily loaded font '../../../Engine/Content/Slate/Fonts/Roboto-Light.ttf' (159K)
[2018.01.27-08.54.41:614][  1]LogAssetRegistry: Asset discovery search completed in 15.4729 seconds
[2018.01.27-08.54.41:617][  1]LogCollectionManager: Rebuilt the object cache for 0 collections in 0.000000 seconds (found 0 objects)
[2018.01.27-08.54.41:617][  1]LogCollectionManager: Fixed up redirectors for 0 collections in 0.000054 seconds (updated 0 objects)
[2018.01.27-08.54.42:522][ 41]LogSlate: Took 0.000241 seconds to synchronously load lazily loaded font '../../../Engine/Content/Slate/Fonts/Roboto-Light.ttf' (159K)
[2018.01.27-08.54.45:540][126]LogSlate: Took 0.000138 seconds to synchronously load lazily loaded font '../../../Engine/Content/Slate/Fonts/Roboto-Light.ttf' (159K)
[2018.01.27-08.54.45:595][126]LogContentBrowser: Native class hierarchy updated for 'MaterialEditor' in 0.0003 seconds. Added 1 classes and 0 folders.
[2018.01.27-08.54.45:600][126]LogMaterial: Missing cached shader map for material M_Cursor_Decal, compiling. 
[2018.01.27-08.54.46:018][126]LogMaterial: Missing cached shader map for material M_Cursor_Decal, compiling. 
[2018.01.27-08.54.46:050][126]LogMaterial: Missing cached shader map for material M_Cursor_Decal, compiling. 
[2018.01.27-08.54.46:622][126]LogContentBrowser: Native class hierarchy updated for 'BlueprintGraph' in 0.0011 seconds. Added 116 classes and 0 folders.
[2018.01.27-08.54.50:776][126]LogSlate: Took 0.000216 seconds to synchronously load lazily loaded font '../../../Engine/Content/Editor/Slate/Fonts/Roboto-BoldCondensed.ttf' (158K)
[2018.01.27-08.54.50:925][127]MaterialEditorStats: Base pass shader: 77 instructions
[2018.01.27-08.54.50:925][127]MaterialEditorStats: Base pass shader with Volumetric Lightmap: 98 instructions
[2018.01.27-08.54.50:925][127]MaterialEditorStats: Vertex shader: 124 instructions
[2018.01.27-08.54.50:925][127]MaterialEditorStats: Texture samplers: 3/16
[2018.01.27-08.54.50:925][127]MaterialEditorStats: User interpolators: 2/4 Scalars (1/4 Vectors) (TexCoords: 2, Custom: 0)
[2018.01.27-08.54.50:928][127]LogSlate: Took 0.000190 seconds to synchronously load lazily loaded font '../../../Engine/Content/Editor/Slate/Fonts/Roboto-Italic.ttf' (157K)
[2018.01.27-08.55.06:843][501]LogTemp: Repeating last play command: Selected Viewport
[2018.01.27-08.55.06:889][501]LogBlueprintUserMessages: Early PlayInEditor Detection: Level '/Game/TopDownBP/Maps/TopDownExampleMap.TopDownExampleMap:PersistentLevel' has LevelScriptBlueprint '/Game/TopDownBP/Maps/TopDownExampleMap.TopDownExampleMap:PersistentLevel.TopDownExampleMap' with GeneratedClass '/Game/TopDownBP/Maps/TopDownExampleMap.TopDownExampleMap_C' with ClassGeneratedBy '/Game/TopDownBP/Maps/TopDownExampleMap.TopDownExampleMap:PersistentLevel.TopDownExampleMap'
[2018.01.27-08.55.06:889][501]LogPlayLevel: PlayLevel: No blueprints needed recompiling
[2018.01.27-08.55.06:889][501]PIE: New page: PIE session: TopDownExampleMap (Jan 28, 2018, 12:55:06 AM)
[2018.01.27-08.55.06:890][501]LogPlayLevel: Creating play world package: /Game/TopDownBP/Maps/UEDPIE_0_TopDownExampleMap
[2018.01.27-08.55.06:929][501]LogPlayLevel: PIE: StaticDuplicateObject took: (0.039438s)
[2018.01.27-08.55.06:930][501]LogAIModule: Creating AISystem for world TopDownExampleMap
[2018.01.27-08.55.06:930][501]LogPlayLevel: PIE: World Init took: (0.000884s)
[2018.01.27-08.55.06:930][501]LogPlayLevel: PIE: Created PIE world by copying editor world from /Game/TopDownBP/Maps/TopDownExampleMap.TopDownExampleMap to /Game/TopDownBP/Maps/UEDPIE_0_TopDownExampleMap.TopDownExampleMap (0.040668s)
[2018.01.27-08.55.06:972][501]LogInit: XAudio2 using 'スピーカー (Realtek High Definition Audio)' : 2 channels at 48 kHz using 16 bits per sample (channel mask 0x3)
[2018.01.27-08.55.06:984][501]LogInit: FAudioDevice initialized.
[2018.01.27-08.55.07:028][501]LogLoad: Game class is 'TopDownGameMode_C'
[2018.01.27-08.55.07:031][501]LogWorld: Bringing World /Game/TopDownBP/Maps/UEDPIE_0_TopDownExampleMap.TopDownExampleMap up for play (max tick rate 60) at 2018.01.27-16.55.07
[2018.01.27-08.55.07:031][501]LogWorld: Bringing up level for play took: 0.002756
[2018.01.27-08.55.07:079][501]LogContentBrowser: Native class hierarchy updated for 'MovieSceneCapture' in 0.0003 seconds. Added 11 classes and 0 folders.
[2018.01.27-08.55.07:080][501]PIE: Play in editor start time for /Game/TopDownBP/Maps/UEDPIE_0_TopDownExampleMap 1.109
[2018.01.27-08.55.07:080][501]LogBlueprintUserMessages: Late PlayInEditor Detection: Level '/Game/TopDownBP/Maps/TopDownExampleMap.TopDownExampleMap:PersistentLevel' has LevelScriptBlueprint '/Game/TopDownBP/Maps/TopDownExampleMap.TopDownExampleMap:PersistentLevel.TopDownExampleMap' with GeneratedClass '/Game/TopDownBP/Maps/TopDownExampleMap.TopDownExampleMap_C' with ClassGeneratedBy '/Game/TopDownBP/Maps/TopDownExampleMap.TopDownExampleMap:PersistentLevel.TopDownExampleMap'
[2018.01.27-08.55.07:657][526]Cmd: LevelEditor.ToggleImmersive
[2018.01.27-08.55.07:805][527]LogRenderer: Reallocating scene render targets to support 1036x512 Format 10 NumSamples 1 (Frame:27).
[2018.01.27-08.55.07:848][528]LogRenderer: Reallocating scene render targets to support 1376x736 Format 10 NumSamples 1 (Frame:29).
[2018.01.27-08.55.16:952][ 74]LogBlueprintUserMessages: Early EndPlayMap Detection: Level '/Game/TopDownBP/Maps/TopDownExampleMap.TopDownExampleMap:PersistentLevel' has LevelScriptBlueprint '/Game/TopDownBP/Maps/TopDownExampleMap.TopDownExampleMap:PersistentLevel.TopDownExampleMap' with GeneratedClass '/Game/TopDownBP/Maps/TopDownExampleMap.TopDownExampleMap_C' with ClassGeneratedBy '/Game/TopDownBP/Maps/TopDownExampleMap.TopDownExampleMap:PersistentLevel.TopDownExampleMap'
[2018.01.27-08.55.17:021][ 74]LogBlueprintUserMessages: Late EndPlayMap Detection: Level '/Game/TopDownBP/Maps/TopDownExampleMap.TopDownExampleMap:PersistentLevel' has LevelScriptBlueprint '/Game/TopDownBP/Maps/TopDownExampleMap.TopDownExampleMap:PersistentLevel.TopDownExampleMap' with GeneratedClass '/Game/TopDownBP/Maps/TopDownExampleMap.TopDownExampleMap_C' with ClassGeneratedBy '/Game/TopDownBP/Maps/TopDownExampleMap.TopDownExampleMap:PersistentLevel.TopDownExampleMap'
